CRITICAL - 2024-11-21 07:53:17 --> Error: Class "ErrorController" not found
[Method: POST, Route: register]
in SYSTEMPATH\CodeIgniter.php on line 903.
 1 SYSTEMPATH\CodeIgniter.php(963): CodeIgniter\CodeIgniter->createController()
 2 SYSTEMPATH\CodeIgniter.php(364): CodeIgniter\CodeIgniter->display404errors(Object(CodeIgniter\Exceptions\PageNotFoundException))
 3 SYSTEMPATH\Boot.php(325): CodeIgniter\CodeIgniter->run()
 4 SYSTEMPATH\Boot.php(67): CodeIgniter\Boot::runCodeIgniter(Object(CodeIgniter\CodeIgniter))
 5 FCPATH\index.php(56): CodeIgniter\Boot::bootWeb(Object(Config\Paths))
 6 SYSTEMPATH\rewrite.php(44): require_once('C:\\xampp\\htdocs\\Malnutrition-system\\public\\index.php')
CRITICAL - 2024-11-21 07:55:45 --> Error: Class "ErrorController" not found
[Method: POST, Route: register]
in SYSTEMPATH\CodeIgniter.php on line 903.
 1 SYSTEMPATH\CodeIgniter.php(963): CodeIgniter\CodeIgniter->createController()
 2 SYSTEMPATH\CodeIgniter.php(364): CodeIgniter\CodeIgniter->display404errors(Object(CodeIgniter\Exceptions\PageNotFoundException))
 3 SYSTEMPATH\Boot.php(325): CodeIgniter\CodeIgniter->run()
 4 SYSTEMPATH\Boot.php(67): CodeIgniter\Boot::runCodeIgniter(Object(CodeIgniter\CodeIgniter))
 5 FCPATH\index.php(56): CodeIgniter\Boot::bootWeb(Object(Config\Paths))
 6 SYSTEMPATH\rewrite.php(44): require_once('C:\\xampp\\htdocs\\Malnutrition-system\\public\\index.php')
CRITICAL - 2024-11-21 07:55:49 --> Error: Class "ErrorController" not found
[Method: POST, Route: register]
in SYSTEMPATH\CodeIgniter.php on line 903.
 1 SYSTEMPATH\CodeIgniter.php(963): CodeIgniter\CodeIgniter->createController()
 2 SYSTEMPATH\CodeIgniter.php(364): CodeIgniter\CodeIgniter->display404errors(Object(CodeIgniter\Exceptions\PageNotFoundException))
 3 SYSTEMPATH\Boot.php(325): CodeIgniter\CodeIgniter->run()
 4 SYSTEMPATH\Boot.php(67): CodeIgniter\Boot::runCodeIgniter(Object(CodeIgniter\CodeIgniter))
 5 FCPATH\index.php(56): CodeIgniter\Boot::bootWeb(Object(Config\Paths))
 6 SYSTEMPATH\rewrite.php(44): require_once('C:\\xampp\\htdocs\\Malnutrition-system\\public\\index.php')
CRITICAL - 2024-11-21 08:53:07 --> Error: Class "ErrorController" not found
[Method: GET, Route: forgot-password]
in SYSTEMPATH\CodeIgniter.php on line 903.
 1 SYSTEMPATH\CodeIgniter.php(963): CodeIgniter\CodeIgniter->createController()
 2 SYSTEMPATH\CodeIgniter.php(364): CodeIgniter\CodeIgniter->display404errors(Object(CodeIgniter\Exceptions\PageNotFoundException))
 3 SYSTEMPATH\Boot.php(325): CodeIgniter\CodeIgniter->run()
 4 SYSTEMPATH\Boot.php(67): CodeIgniter\Boot::runCodeIgniter(Object(CodeIgniter\CodeIgniter))
 5 FCPATH\index.php(56): CodeIgniter\Boot::bootWeb(Object(Config\Paths))
 6 SYSTEMPATH\rewrite.php(44): require_once('C:\\xampp\\htdocs\\Malnutrition-system\\public\\index.php')
CRITICAL - 2024-11-21 08:57:20 --> CodeIgniter\View\Exceptions\ViewException: Invalid file: "errors/custom_404.php"
[Method: GET, Route: register]
in SYSTEMPATH\Exceptions\FrameworkException.php on line 41.
 1 SYSTEMPATH\View\View.php(222): CodeIgniter\Exceptions\FrameworkException::forInvalidFile('errors/custom_404.php')
 2 SYSTEMPATH\Common.php(1171): CodeIgniter\View\View->render('errors/custom_404', [], true)
 3 APPPATH\Config\Routes.php(44): view('errors/custom_404')
 4 SYSTEMPATH\CodeIgniter.php(955): CodeIgniter\Router\RouteCollection->{closure}('Can\'t find a route for \'GET: register\'.')
 5 SYSTEMPATH\CodeIgniter.php(364): CodeIgniter\CodeIgniter->display404errors(Object(CodeIgniter\Exceptions\PageNotFoundException))
 6 SYSTEMPATH\Boot.php(325): CodeIgniter\CodeIgniter->run()
 7 SYSTEMPATH\Boot.php(67): CodeIgniter\Boot::runCodeIgniter(Object(CodeIgniter\CodeIgniter))
 8 FCPATH\index.php(56): CodeIgniter\Boot::bootWeb(Object(Config\Paths))
 9 SYSTEMPATH\rewrite.php(44): require_once('C:\\xampp\\htdocs\\Malnutrition-system\\public\\index.php')
CRITICAL - 2024-11-21 08:59:58 --> Error: Class "ErrorController" not found
[Method: POST, Route: children/delete/4]
in SYSTEMPATH\CodeIgniter.php on line 903.
 1 SYSTEMPATH\CodeIgniter.php(963): CodeIgniter\CodeIgniter->createController()
 2 SYSTEMPATH\CodeIgniter.php(364): CodeIgniter\CodeIgniter->display404errors(Object(CodeIgniter\Exceptions\PageNotFoundException))
 3 SYSTEMPATH\Boot.php(325): CodeIgniter\CodeIgniter->run()
 4 SYSTEMPATH\Boot.php(67): CodeIgniter\Boot::runCodeIgniter(Object(CodeIgniter\CodeIgniter))
 5 FCPATH\index.php(56): CodeIgniter\Boot::bootWeb(Object(Config\Paths))
 6 SYSTEMPATH\rewrite.php(44): require_once('C:\\xampp\\htdocs\\Malnutrition-system\\public\\index.php')
CRITICAL - 2024-11-21 09:00:14 --> Error: Class "ErrorController" not found
[Method: POST, Route: children/delete/4]
in SYSTEMPATH\CodeIgniter.php on line 903.
 1 SYSTEMPATH\CodeIgniter.php(963): CodeIgniter\CodeIgniter->createController()
 2 SYSTEMPATH\CodeIgniter.php(364): CodeIgniter\CodeIgniter->display404errors(Object(CodeIgniter\Exceptions\PageNotFoundException))
 3 SYSTEMPATH\Boot.php(325): CodeIgniter\CodeIgniter->run()
 4 SYSTEMPATH\Boot.php(67): CodeIgniter\Boot::runCodeIgniter(Object(CodeIgniter\CodeIgniter))
 5 FCPATH\index.php(56): CodeIgniter\Boot::bootWeb(Object(Config\Paths))
 6 SYSTEMPATH\rewrite.php(44): require_once('C:\\xampp\\htdocs\\Malnutrition-system\\public\\index.php')
CRITICAL - 2024-11-21 09:06:00 --> ErrorException: Undefined variable $validation
[Method: GET, Route: register]
in APPPATH\Views\user\register.php on line 95.
 1 APPPATH\Views\user\register.php(95): CodeIgniter\Debug\Exceptions->errorHandler(2, 'Undefined variable $validation', 'C:\\xampp\\htdocs\\Malnutrition-system\\app\\Views\\user\\register.php', 95)
 2 SYSTEMPATH\View\View.php(234): include('C:\\xampp\\htdocs\\Malnutrition-system\\app\\Views\\user\\register.php')
 3 SYSTEMPATH\View\View.php(237): CodeIgniter\View\View->CodeIgniter\View\{closure}()
 4 SYSTEMPATH\Common.php(1171): CodeIgniter\View\View->render('user/register', [], true)
 5 APPPATH\Controllers\UserController.php(49): view('user/register')
 6 SYSTEMPATH\CodeIgniter.php(933): App\Controllers\UserController->register()
 7 SYSTEMPATH\CodeIgniter.php(509): CodeIgniter\CodeIgniter->runController(Object(App\Controllers\UserController))
 8 SYSTEMPATH\CodeIgniter.php(355): CodeIgniter\CodeIgniter->handleRequest(null, Object(Config\Cache), false)
 9 SYSTEMPATH\Boot.php(325): CodeIgniter\CodeIgniter->run()
10 SYSTEMPATH\Boot.php(67): CodeIgniter\Boot::runCodeIgniter(Object(CodeIgniter\CodeIgniter))
11 FCPATH\index.php(56): CodeIgniter\Boot::bootWeb(Object(Config\Paths))
12 SYSTEMPATH\rewrite.php(44): require_once('C:\\xampp\\htdocs\\Malnutrition-system\\public\\index.php')
CRITICAL - 2024-11-21 09:06:08 --> ErrorException: Undefined variable $validation
[Method: GET, Route: register]
in APPPATH\Views\user\register.php on line 95.
 1 APPPATH\Views\user\register.php(95): CodeIgniter\Debug\Exceptions->errorHandler(2, 'Undefined variable $validation', 'C:\\xampp\\htdocs\\Malnutrition-system\\app\\Views\\user\\register.php', 95)
 2 SYSTEMPATH\View\View.php(234): include('C:\\xampp\\htdocs\\Malnutrition-system\\app\\Views\\user\\register.php')
 3 SYSTEMPATH\View\View.php(237): CodeIgniter\View\View->CodeIgniter\View\{closure}()
 4 SYSTEMPATH\Common.php(1171): CodeIgniter\View\View->render('user/register', [], true)
 5 APPPATH\Controllers\UserController.php(49): view('user/register')
 6 SYSTEMPATH\CodeIgniter.php(933): App\Controllers\UserController->register()
 7 SYSTEMPATH\CodeIgniter.php(509): CodeIgniter\CodeIgniter->runController(Object(App\Controllers\UserController))
 8 SYSTEMPATH\CodeIgniter.php(355): CodeIgniter\CodeIgniter->handleRequest(null, Object(Config\Cache), false)
 9 SYSTEMPATH\Boot.php(325): CodeIgniter\CodeIgniter->run()
10 SYSTEMPATH\Boot.php(67): CodeIgniter\Boot::runCodeIgniter(Object(CodeIgniter\CodeIgniter))
11 FCPATH\index.php(56): CodeIgniter\Boot::bootWeb(Object(Config\Paths))
12 SYSTEMPATH\rewrite.php(44): require_once('C:\\xampp\\htdocs\\Malnutrition-system\\public\\index.php')
CRITICAL - 2024-11-21 09:06:16 --> ErrorException: Undefined variable $validation
[Method: GET, Route: register]
in APPPATH\Views\user\register.php on line 95.
 1 APPPATH\Views\user\register.php(95): CodeIgniter\Debug\Exceptions->errorHandler(2, 'Undefined variable $validation', 'C:\\xampp\\htdocs\\Malnutrition-system\\app\\Views\\user\\register.php', 95)
 2 SYSTEMPATH\View\View.php(234): include('C:\\xampp\\htdocs\\Malnutrition-system\\app\\Views\\user\\register.php')
 3 SYSTEMPATH\View\View.php(237): CodeIgniter\View\View->CodeIgniter\View\{closure}()
 4 SYSTEMPATH\Common.php(1171): CodeIgniter\View\View->render('user/register', [], true)
 5 APPPATH\Controllers\UserController.php(49): view('user/register')
 6 SYSTEMPATH\CodeIgniter.php(933): App\Controllers\UserController->register()
 7 SYSTEMPATH\CodeIgniter.php(509): CodeIgniter\CodeIgniter->runController(Object(App\Controllers\UserController))
 8 SYSTEMPATH\CodeIgniter.php(355): CodeIgniter\CodeIgniter->handleRequest(null, Object(Config\Cache), false)
 9 SYSTEMPATH\Boot.php(325): CodeIgniter\CodeIgniter->run()
10 SYSTEMPATH\Boot.php(67): CodeIgniter\Boot::runCodeIgniter(Object(CodeIgniter\CodeIgniter))
11 FCPATH\index.php(56): CodeIgniter\Boot::bootWeb(Object(Config\Paths))
12 SYSTEMPATH\rewrite.php(44): require_once('C:\\xampp\\htdocs\\Malnutrition-system\\public\\index.php')
CRITICAL - 2024-11-21 09:06:32 --> ErrorException: Undefined variable $validation
[Method: GET, Route: register]
in APPPATH\Views\user\register.php on line 95.
 1 APPPATH\Views\user\register.php(95): CodeIgniter\Debug\Exceptions->errorHandler(2, 'Undefined variable $validation', 'C:\\xampp\\htdocs\\Malnutrition-system\\app\\Views\\user\\register.php', 95)
 2 SYSTEMPATH\View\View.php(234): include('C:\\xampp\\htdocs\\Malnutrition-system\\app\\Views\\user\\register.php')
 3 SYSTEMPATH\View\View.php(237): CodeIgniter\View\View->CodeIgniter\View\{closure}()
 4 SYSTEMPATH\Common.php(1171): CodeIgniter\View\View->render('user/register', [], true)
 5 APPPATH\Controllers\UserController.php(49): view('user/register')
 6 SYSTEMPATH\CodeIgniter.php(933): App\Controllers\UserController->register()
 7 SYSTEMPATH\CodeIgniter.php(509): CodeIgniter\CodeIgniter->runController(Object(App\Controllers\UserController))
 8 SYSTEMPATH\CodeIgniter.php(355): CodeIgniter\CodeIgniter->handleRequest(null, Object(Config\Cache), false)
 9 SYSTEMPATH\Boot.php(325): CodeIgniter\CodeIgniter->run()
10 SYSTEMPATH\Boot.php(67): CodeIgniter\Boot::runCodeIgniter(Object(CodeIgniter\CodeIgniter))
11 FCPATH\index.php(56): CodeIgniter\Boot::bootWeb(Object(Config\Paths))
12 SYSTEMPATH\rewrite.php(44): require_once('C:\\xampp\\htdocs\\Malnutrition-system\\public\\index.php')
ERROR - 2024-11-21 09:27:08 --> mysqli_sql_exception: Unknown column 'nutritional_status' in 'where clause' in C:\xampp\htdocs\Malnutrition-system\system\Database\MySQLi\Connection.php:312
Stack trace:
#0 C:\xampp\htdocs\Malnutrition-system\system\Database\MySQLi\Connection.php(312): mysqli->query('SELECT *\nFROM `...', 0)
#1 C:\xampp\htdocs\Malnutrition-system\system\Database\BaseConnection.php(734): CodeIgniter\Database\MySQLi\Connection->execute('SELECT *\nFROM `...')
#2 C:\xampp\htdocs\Malnutrition-system\system\Database\BaseConnection.php(648): CodeIgniter\Database\BaseConnection->simpleQuery('SELECT *\nFROM `...')
#3 C:\xampp\htdocs\Malnutrition-system\system\Database\BaseBuilder.php(1644): CodeIgniter\Database\BaseConnection->query('SELECT *\nFROM `...', Array, false)
#4 C:\xampp\htdocs\Malnutrition-system\system\Model.php(286): CodeIgniter\Database\BaseBuilder->get()
#5 C:\xampp\htdocs\Malnutrition-system\system\BaseModel.php(676): CodeIgniter\Model->doFindAll(0, 0)
#6 C:\xampp\htdocs\Malnutrition-system\app\Models\ChildrenModel.php(16): CodeIgniter\BaseModel->findAll()
#7 C:\xampp\htdocs\Malnutrition-system\app\Controllers\Children.php(53): App\Models\ChildrenModel->getHighRiskCases()
#8 C:\xampp\htdocs\Malnutrition-system\system\CodeIgniter.php(933): App\Controllers\Children->highRiskDashboard()
#9 C:\xampp\htdocs\Malnutrition-system\system\CodeIgniter.php(509): CodeIgniter\CodeIgniter->runController(Object(App\Controllers\Children))
#10 C:\xampp\htdocs\Malnutrition-system\system\CodeIgniter.php(355): CodeIgniter\CodeIgniter->handleRequest(NULL, Object(Config\Cache), false)
#11 C:\xampp\htdocs\Malnutrition-system\system\Boot.php(325): CodeIgniter\CodeIgniter->run()
#12 C:\xampp\htdocs\Malnutrition-system\system\Boot.php(67): CodeIgniter\Boot::runCodeIgniter(Object(CodeIgniter\CodeIgniter))
#13 C:\xampp\htdocs\Malnutrition-system\public\index.php(56): CodeIgniter\Boot::bootWeb(Object(Config\Paths))
#14 C:\xampp\htdocs\Malnutrition-system\system\rewrite.php(44): require_once('C:\\xampp\\htdocs...')
#15 {main}
CRITICAL - 2024-11-21 09:27:08 --> Error: Call to a member function getResult() on bool
[Method: GET, Route: children/high-risk]
in SYSTEMPATH\Model.php on line 287.
 1 SYSTEMPATH\BaseModel.php(676): CodeIgniter\Model->doFindAll(0, 0)
 2 APPPATH\Models\ChildrenModel.php(16): CodeIgniter\BaseModel->findAll()
 3 APPPATH\Controllers\Children.php(53): App\Models\ChildrenModel->getHighRiskCases()
 4 SYSTEMPATH\CodeIgniter.php(933): App\Controllers\Children->highRiskDashboard()
 5 SYSTEMPATH\CodeIgniter.php(509): CodeIgniter\CodeIgniter->runController(Object(App\Controllers\Children))
 6 SYSTEMPATH\CodeIgniter.php(355): CodeIgniter\CodeIgniter->handleRequest(null, Object(Config\Cache), false)
 7 SYSTEMPATH\Boot.php(325): CodeIgniter\CodeIgniter->run()
 8 SYSTEMPATH\Boot.php(67): CodeIgniter\Boot::runCodeIgniter(Object(CodeIgniter\CodeIgniter))
 9 FCPATH\index.php(56): CodeIgniter\Boot::bootWeb(Object(Config\Paths))
10 SYSTEMPATH\rewrite.php(44): require_once('C:\\xampp\\htdocs\\Malnutrition-system\\public\\index.php')
ERROR - 2024-11-21 11:28:32 --> mysqli_sql_exception: Unknown column 'nutritional_status' in 'where clause' in C:\xampp\htdocs\Malnutrition-system\system\Database\MySQLi\Connection.php:312
Stack trace:
#0 C:\xampp\htdocs\Malnutrition-system\system\Database\MySQLi\Connection.php(312): mysqli->query('SELECT *\nFROM `...', 0)
#1 C:\xampp\htdocs\Malnutrition-system\system\Database\BaseConnection.php(734): CodeIgniter\Database\MySQLi\Connection->execute('SELECT *\nFROM `...')
#2 C:\xampp\htdocs\Malnutrition-system\system\Database\BaseConnection.php(648): CodeIgniter\Database\BaseConnection->simpleQuery('SELECT *\nFROM `...')
#3 C:\xampp\htdocs\Malnutrition-system\system\Database\BaseBuilder.php(1644): CodeIgniter\Database\BaseConnection->query('SELECT *\nFROM `...', Array, false)
#4 C:\xampp\htdocs\Malnutrition-system\system\Model.php(286): CodeIgniter\Database\BaseBuilder->get()
#5 C:\xampp\htdocs\Malnutrition-system\system\BaseModel.php(676): CodeIgniter\Model->doFindAll(0, 0)
#6 C:\xampp\htdocs\Malnutrition-system\app\Models\ChildrenModel.php(16): CodeIgniter\BaseModel->findAll()
#7 C:\xampp\htdocs\Malnutrition-system\app\Controllers\Children.php(53): App\Models\ChildrenModel->getHighRiskCases()
#8 C:\xampp\htdocs\Malnutrition-system\system\CodeIgniter.php(933): App\Controllers\Children->highRiskDashboard()
#9 C:\xampp\htdocs\Malnutrition-system\system\CodeIgniter.php(509): CodeIgniter\CodeIgniter->runController(Object(App\Controllers\Children))
#10 C:\xampp\htdocs\Malnutrition-system\system\CodeIgniter.php(355): CodeIgniter\CodeIgniter->handleRequest(NULL, Object(Config\Cache), false)
#11 C:\xampp\htdocs\Malnutrition-system\system\Boot.php(325): CodeIgniter\CodeIgniter->run()
#12 C:\xampp\htdocs\Malnutrition-system\system\Boot.php(67): CodeIgniter\Boot::runCodeIgniter(Object(CodeIgniter\CodeIgniter))
#13 C:\xampp\htdocs\Malnutrition-system\public\index.php(56): CodeIgniter\Boot::bootWeb(Object(Config\Paths))
#14 C:\xampp\htdocs\Malnutrition-system\system\rewrite.php(44): require_once('C:\\xampp\\htdocs...')
#15 {main}
CRITICAL - 2024-11-21 11:28:32 --> Error: Call to a member function getResult() on bool
[Method: GET, Route: children/high-risk]
in SYSTEMPATH\Model.php on line 287.
 1 SYSTEMPATH\BaseModel.php(676): CodeIgniter\Model->doFindAll(0, 0)
 2 APPPATH\Models\ChildrenModel.php(16): CodeIgniter\BaseModel->findAll()
 3 APPPATH\Controllers\Children.php(53): App\Models\ChildrenModel->getHighRiskCases()
 4 SYSTEMPATH\CodeIgniter.php(933): App\Controllers\Children->highRiskDashboard()
 5 SYSTEMPATH\CodeIgniter.php(509): CodeIgniter\CodeIgniter->runController(Object(App\Controllers\Children))
 6 SYSTEMPATH\CodeIgniter.php(355): CodeIgniter\CodeIgniter->handleRequest(null, Object(Config\Cache), false)
 7 SYSTEMPATH\Boot.php(325): CodeIgniter\CodeIgniter->run()
 8 SYSTEMPATH\Boot.php(67): CodeIgniter\Boot::runCodeIgniter(Object(CodeIgniter\CodeIgniter))
 9 FCPATH\index.php(56): CodeIgniter\Boot::bootWeb(Object(Config\Paths))
10 SYSTEMPATH\rewrite.php(44): require_once('C:\\xampp\\htdocs\\Malnutrition-system\\public\\index.php')
ERROR - 2024-11-21 11:28:37 --> mysqli_sql_exception: Unknown column 'nutritional_status' in 'where clause' in C:\xampp\htdocs\Malnutrition-system\system\Database\MySQLi\Connection.php:312
Stack trace:
#0 C:\xampp\htdocs\Malnutrition-system\system\Database\MySQLi\Connection.php(312): mysqli->query('SELECT *\nFROM `...', 0)
#1 C:\xampp\htdocs\Malnutrition-system\system\Database\BaseConnection.php(734): CodeIgniter\Database\MySQLi\Connection->execute('SELECT *\nFROM `...')
#2 C:\xampp\htdocs\Malnutrition-system\system\Database\BaseConnection.php(648): CodeIgniter\Database\BaseConnection->simpleQuery('SELECT *\nFROM `...')
#3 C:\xampp\htdocs\Malnutrition-system\system\Database\BaseBuilder.php(1644): CodeIgniter\Database\BaseConnection->query('SELECT *\nFROM `...', Array, false)
#4 C:\xampp\htdocs\Malnutrition-system\system\Model.php(286): CodeIgniter\Database\BaseBuilder->get()
#5 C:\xampp\htdocs\Malnutrition-system\system\BaseModel.php(676): CodeIgniter\Model->doFindAll(0, 0)
#6 C:\xampp\htdocs\Malnutrition-system\app\Models\ChildrenModel.php(16): CodeIgniter\BaseModel->findAll()
#7 C:\xampp\htdocs\Malnutrition-system\app\Controllers\Children.php(53): App\Models\ChildrenModel->getHighRiskCases()
#8 C:\xampp\htdocs\Malnutrition-system\system\CodeIgniter.php(933): App\Controllers\Children->highRiskDashboard()
#9 C:\xampp\htdocs\Malnutrition-system\system\CodeIgniter.php(509): CodeIgniter\CodeIgniter->runController(Object(App\Controllers\Children))
#10 C:\xampp\htdocs\Malnutrition-system\system\CodeIgniter.php(355): CodeIgniter\CodeIgniter->handleRequest(NULL, Object(Config\Cache), false)
#11 C:\xampp\htdocs\Malnutrition-system\system\Boot.php(325): CodeIgniter\CodeIgniter->run()
#12 C:\xampp\htdocs\Malnutrition-system\system\Boot.php(67): CodeIgniter\Boot::runCodeIgniter(Object(CodeIgniter\CodeIgniter))
#13 C:\xampp\htdocs\Malnutrition-system\public\index.php(56): CodeIgniter\Boot::bootWeb(Object(Config\Paths))
#14 C:\xampp\htdocs\Malnutrition-system\system\rewrite.php(44): require_once('C:\\xampp\\htdocs...')
#15 {main}
CRITICAL - 2024-11-21 11:28:37 --> Error: Call to a member function getResult() on bool
[Method: GET, Route: children/high-risk]
in SYSTEMPATH\Model.php on line 287.
 1 SYSTEMPATH\BaseModel.php(676): CodeIgniter\Model->doFindAll(0, 0)
 2 APPPATH\Models\ChildrenModel.php(16): CodeIgniter\BaseModel->findAll()
 3 APPPATH\Controllers\Children.php(53): App\Models\ChildrenModel->getHighRiskCases()
 4 SYSTEMPATH\CodeIgniter.php(933): App\Controllers\Children->highRiskDashboard()
 5 SYSTEMPATH\CodeIgniter.php(509): CodeIgniter\CodeIgniter->runController(Object(App\Controllers\Children))
 6 SYSTEMPATH\CodeIgniter.php(355): CodeIgniter\CodeIgniter->handleRequest(null, Object(Config\Cache), false)
 7 SYSTEMPATH\Boot.php(325): CodeIgniter\CodeIgniter->run()
 8 SYSTEMPATH\Boot.php(67): CodeIgniter\Boot::runCodeIgniter(Object(CodeIgniter\CodeIgniter))
 9 FCPATH\index.php(56): CodeIgniter\Boot::bootWeb(Object(Config\Paths))
10 SYSTEMPATH\rewrite.php(44): require_once('C:\\xampp\\htdocs\\Malnutrition-system\\public\\index.php')
ERROR - 2024-11-21 23:35:06 --> mysqli_sql_exception: Unknown column 'nutritional_status' in 'where clause' in C:\xampp\htdocs\Malnutrition-system\system\Database\MySQLi\Connection.php:312
Stack trace:
#0 C:\xampp\htdocs\Malnutrition-system\system\Database\MySQLi\Connection.php(312): mysqli->query('SELECT *\nFROM `...', 0)
#1 C:\xampp\htdocs\Malnutrition-system\system\Database\BaseConnection.php(734): CodeIgniter\Database\MySQLi\Connection->execute('SELECT *\nFROM `...')
#2 C:\xampp\htdocs\Malnutrition-system\system\Database\BaseConnection.php(648): CodeIgniter\Database\BaseConnection->simpleQuery('SELECT *\nFROM `...')
#3 C:\xampp\htdocs\Malnutrition-system\system\Database\BaseBuilder.php(1644): CodeIgniter\Database\BaseConnection->query('SELECT *\nFROM `...', Array, false)
#4 C:\xampp\htdocs\Malnutrition-system\system\Model.php(286): CodeIgniter\Database\BaseBuilder->get()
#5 C:\xampp\htdocs\Malnutrition-system\system\BaseModel.php(676): CodeIgniter\Model->doFindAll(0, 0)
#6 C:\xampp\htdocs\Malnutrition-system\app\Models\ChildrenModel.php(16): CodeIgniter\BaseModel->findAll()
#7 C:\xampp\htdocs\Malnutrition-system\app\Controllers\Children.php(53): App\Models\ChildrenModel->getHighRiskCases()
#8 C:\xampp\htdocs\Malnutrition-system\system\CodeIgniter.php(933): App\Controllers\Children->highRiskDashboard()
#9 C:\xampp\htdocs\Malnutrition-system\system\CodeIgniter.php(509): CodeIgniter\CodeIgniter->runController(Object(App\Controllers\Children))
#10 C:\xampp\htdocs\Malnutrition-system\system\CodeIgniter.php(355): CodeIgniter\CodeIgniter->handleRequest(NULL, Object(Config\Cache), false)
#11 C:\xampp\htdocs\Malnutrition-system\system\Boot.php(325): CodeIgniter\CodeIgniter->run()
#12 C:\xampp\htdocs\Malnutrition-system\system\Boot.php(67): CodeIgniter\Boot::runCodeIgniter(Object(CodeIgniter\CodeIgniter))
#13 C:\xampp\htdocs\Malnutrition-system\public\index.php(56): CodeIgniter\Boot::bootWeb(Object(Config\Paths))
#14 C:\xampp\htdocs\Malnutrition-system\system\rewrite.php(44): require_once('C:\\xampp\\htdocs...')
#15 {main}
CRITICAL - 2024-11-21 23:35:06 --> Error: Call to a member function getResult() on bool
[Method: GET, Route: children/high-risk]
in SYSTEMPATH\Model.php on line 287.
 1 SYSTEMPATH\BaseModel.php(676): CodeIgniter\Model->doFindAll(0, 0)
 2 APPPATH\Models\ChildrenModel.php(16): CodeIgniter\BaseModel->findAll()
 3 APPPATH\Controllers\Children.php(53): App\Models\ChildrenModel->getHighRiskCases()
 4 SYSTEMPATH\CodeIgniter.php(933): App\Controllers\Children->highRiskDashboard()
 5 SYSTEMPATH\CodeIgniter.php(509): CodeIgniter\CodeIgniter->runController(Object(App\Controllers\Children))
 6 SYSTEMPATH\CodeIgniter.php(355): CodeIgniter\CodeIgniter->handleRequest(null, Object(Config\Cache), false)
 7 SYSTEMPATH\Boot.php(325): CodeIgniter\CodeIgniter->run()
 8 SYSTEMPATH\Boot.php(67): CodeIgniter\Boot::runCodeIgniter(Object(CodeIgniter\CodeIgniter))
 9 FCPATH\index.php(56): CodeIgniter\Boot::bootWeb(Object(Config\Paths))
10 SYSTEMPATH\rewrite.php(44): require_once('C:\\xampp\\htdocs\\Malnutrition-system\\public\\index.php')
ERROR - 2024-11-21 23:47:49 --> mysqli_sql_exception: Unknown column 'nutritional_status' in 'where clause' in C:\xampp\htdocs\Malnutrition-system\system\Database\MySQLi\Connection.php:312
Stack trace:
#0 C:\xampp\htdocs\Malnutrition-system\system\Database\MySQLi\Connection.php(312): mysqli->query('SELECT *\nFROM `...', 0)
#1 C:\xampp\htdocs\Malnutrition-system\system\Database\BaseConnection.php(734): CodeIgniter\Database\MySQLi\Connection->execute('SELECT *\nFROM `...')
#2 C:\xampp\htdocs\Malnutrition-system\system\Database\BaseConnection.php(648): CodeIgniter\Database\BaseConnection->simpleQuery('SELECT *\nFROM `...')
#3 C:\xampp\htdocs\Malnutrition-system\system\Database\BaseBuilder.php(1644): CodeIgniter\Database\BaseConnection->query('SELECT *\nFROM `...', Array, false)
#4 C:\xampp\htdocs\Malnutrition-system\system\Model.php(286): CodeIgniter\Database\BaseBuilder->get()
#5 C:\xampp\htdocs\Malnutrition-system\system\BaseModel.php(676): CodeIgniter\Model->doFindAll(0, 0)
#6 C:\xampp\htdocs\Malnutrition-system\app\Models\ChildrenModel.php(16): CodeIgniter\BaseModel->findAll()
#7 C:\xampp\htdocs\Malnutrition-system\app\Controllers\Children.php(53): App\Models\ChildrenModel->getHighRiskCases()
#8 C:\xampp\htdocs\Malnutrition-system\system\CodeIgniter.php(933): App\Controllers\Children->highRiskDashboard()
#9 C:\xampp\htdocs\Malnutrition-system\system\CodeIgniter.php(509): CodeIgniter\CodeIgniter->runController(Object(App\Controllers\Children))
#10 C:\xampp\htdocs\Malnutrition-system\system\CodeIgniter.php(355): CodeIgniter\CodeIgniter->handleRequest(NULL, Object(Config\Cache), false)
#11 C:\xampp\htdocs\Malnutrition-system\system\Boot.php(325): CodeIgniter\CodeIgniter->run()
#12 C:\xampp\htdocs\Malnutrition-system\system\Boot.php(67): CodeIgniter\Boot::runCodeIgniter(Object(CodeIgniter\CodeIgniter))
#13 C:\xampp\htdocs\Malnutrition-system\public\index.php(56): CodeIgniter\Boot::bootWeb(Object(Config\Paths))
#14 C:\xampp\htdocs\Malnutrition-system\system\rewrite.php(44): require_once('C:\\xampp\\htdocs...')
#15 {main}
CRITICAL - 2024-11-21 23:47:49 --> Error: Call to a member function getResult() on bool
[Method: GET, Route: children/high-risk]
in SYSTEMPATH\Model.php on line 287.
 1 SYSTEMPATH\BaseModel.php(676): CodeIgniter\Model->doFindAll(0, 0)
 2 APPPATH\Models\ChildrenModel.php(16): CodeIgniter\BaseModel->findAll()
 3 APPPATH\Controllers\Children.php(53): App\Models\ChildrenModel->getHighRiskCases()
 4 SYSTEMPATH\CodeIgniter.php(933): App\Controllers\Children->highRiskDashboard()
 5 SYSTEMPATH\CodeIgniter.php(509): CodeIgniter\CodeIgniter->runController(Object(App\Controllers\Children))
 6 SYSTEMPATH\CodeIgniter.php(355): CodeIgniter\CodeIgniter->handleRequest(null, Object(Config\Cache), false)
 7 SYSTEMPATH\Boot.php(325): CodeIgniter\CodeIgniter->run()
 8 SYSTEMPATH\Boot.php(67): CodeIgniter\Boot::runCodeIgniter(Object(CodeIgniter\CodeIgniter))
 9 FCPATH\index.php(56): CodeIgniter\Boot::bootWeb(Object(Config\Paths))
10 SYSTEMPATH\rewrite.php(44): require_once('C:\\xampp\\htdocs\\Malnutrition-system\\public\\index.php')
ERROR - 2024-11-21 23:48:06 --> mysqli_sql_exception: Unknown column 'nutritional_status' in 'where clause' in C:\xampp\htdocs\Malnutrition-system\system\Database\MySQLi\Connection.php:312
Stack trace:
#0 C:\xampp\htdocs\Malnutrition-system\system\Database\MySQLi\Connection.php(312): mysqli->query('SELECT *\nFROM `...', 0)
#1 C:\xampp\htdocs\Malnutrition-system\system\Database\BaseConnection.php(734): CodeIgniter\Database\MySQLi\Connection->execute('SELECT *\nFROM `...')
#2 C:\xampp\htdocs\Malnutrition-system\system\Database\BaseConnection.php(648): CodeIgniter\Database\BaseConnection->simpleQuery('SELECT *\nFROM `...')
#3 C:\xampp\htdocs\Malnutrition-system\system\Database\BaseBuilder.php(1644): CodeIgniter\Database\BaseConnection->query('SELECT *\nFROM `...', Array, false)
#4 C:\xampp\htdocs\Malnutrition-system\system\Model.php(286): CodeIgniter\Database\BaseBuilder->get()
#5 C:\xampp\htdocs\Malnutrition-system\system\BaseModel.php(676): CodeIgniter\Model->doFindAll(0, 0)
#6 C:\xampp\htdocs\Malnutrition-system\app\Models\ChildrenModel.php(16): CodeIgniter\BaseModel->findAll()
#7 C:\xampp\htdocs\Malnutrition-system\app\Controllers\Children.php(53): App\Models\ChildrenModel->getHighRiskCases()
#8 C:\xampp\htdocs\Malnutrition-system\system\CodeIgniter.php(933): App\Controllers\Children->highRiskDashboard()
#9 C:\xampp\htdocs\Malnutrition-system\system\CodeIgniter.php(509): CodeIgniter\CodeIgniter->runController(Object(App\Controllers\Children))
#10 C:\xampp\htdocs\Malnutrition-system\system\CodeIgniter.php(355): CodeIgniter\CodeIgniter->handleRequest(NULL, Object(Config\Cache), false)
#11 C:\xampp\htdocs\Malnutrition-system\system\Boot.php(325): CodeIgniter\CodeIgniter->run()
#12 C:\xampp\htdocs\Malnutrition-system\system\Boot.php(67): CodeIgniter\Boot::runCodeIgniter(Object(CodeIgniter\CodeIgniter))
#13 C:\xampp\htdocs\Malnutrition-system\public\index.php(56): CodeIgniter\Boot::bootWeb(Object(Config\Paths))
#14 C:\xampp\htdocs\Malnutrition-system\system\rewrite.php(44): require_once('C:\\xampp\\htdocs...')
#15 {main}
CRITICAL - 2024-11-21 23:48:06 --> Error: Call to a member function getResult() on bool
[Method: GET, Route: children/high-risk]
in SYSTEMPATH\Model.php on line 287.
 1 SYSTEMPATH\BaseModel.php(676): CodeIgniter\Model->doFindAll(0, 0)
 2 APPPATH\Models\ChildrenModel.php(16): CodeIgniter\BaseModel->findAll()
 3 APPPATH\Controllers\Children.php(53): App\Models\ChildrenModel->getHighRiskCases()
 4 SYSTEMPATH\CodeIgniter.php(933): App\Controllers\Children->highRiskDashboard()
 5 SYSTEMPATH\CodeIgniter.php(509): CodeIgniter\CodeIgniter->runController(Object(App\Controllers\Children))
 6 SYSTEMPATH\CodeIgniter.php(355): CodeIgniter\CodeIgniter->handleRequest(null, Object(Config\Cache), false)
 7 SYSTEMPATH\Boot.php(325): CodeIgniter\CodeIgniter->run()
 8 SYSTEMPATH\Boot.php(67): CodeIgniter\Boot::runCodeIgniter(Object(CodeIgniter\CodeIgniter))
 9 FCPATH\index.php(56): CodeIgniter\Boot::bootWeb(Object(Config\Paths))
10 SYSTEMPATH\rewrite.php(44): require_once('C:\\xampp\\htdocs\\Malnutrition-system\\public\\index.php')
ERROR - 2024-11-21 23:49:40 --> mysqli_sql_exception: Unknown column 'nutritional_status' in 'where clause' in C:\xampp\htdocs\Malnutrition-system\system\Database\MySQLi\Connection.php:312
Stack trace:
#0 C:\xampp\htdocs\Malnutrition-system\system\Database\MySQLi\Connection.php(312): mysqli->query('SELECT *\nFROM `...', 0)
#1 C:\xampp\htdocs\Malnutrition-system\system\Database\BaseConnection.php(734): CodeIgniter\Database\MySQLi\Connection->execute('SELECT *\nFROM `...')
#2 C:\xampp\htdocs\Malnutrition-system\system\Database\BaseConnection.php(648): CodeIgniter\Database\BaseConnection->simpleQuery('SELECT *\nFROM `...')
#3 C:\xampp\htdocs\Malnutrition-system\system\Database\BaseBuilder.php(1644): CodeIgniter\Database\BaseConnection->query('SELECT *\nFROM `...', Array, false)
#4 C:\xampp\htdocs\Malnutrition-system\system\Model.php(286): CodeIgniter\Database\BaseBuilder->get()
#5 C:\xampp\htdocs\Malnutrition-system\system\BaseModel.php(676): CodeIgniter\Model->doFindAll(0, 0)
#6 C:\xampp\htdocs\Malnutrition-system\app\Models\ChildrenModel.php(16): CodeIgniter\BaseModel->findAll()
#7 C:\xampp\htdocs\Malnutrition-system\app\Controllers\Children.php(53): App\Models\ChildrenModel->getHighRiskCases()
#8 C:\xampp\htdocs\Malnutrition-system\system\CodeIgniter.php(933): App\Controllers\Children->highRiskDashboard()
#9 C:\xampp\htdocs\Malnutrition-system\system\CodeIgniter.php(509): CodeIgniter\CodeIgniter->runController(Object(App\Controllers\Children))
#10 C:\xampp\htdocs\Malnutrition-system\system\CodeIgniter.php(355): CodeIgniter\CodeIgniter->handleRequest(NULL, Object(Config\Cache), false)
#11 C:\xampp\htdocs\Malnutrition-system\system\Boot.php(325): CodeIgniter\CodeIgniter->run()
#12 C:\xampp\htdocs\Malnutrition-system\system\Boot.php(67): CodeIgniter\Boot::runCodeIgniter(Object(CodeIgniter\CodeIgniter))
#13 C:\xampp\htdocs\Malnutrition-system\public\index.php(56): CodeIgniter\Boot::bootWeb(Object(Config\Paths))
#14 C:\xampp\htdocs\Malnutrition-system\system\rewrite.php(44): require_once('C:\\xampp\\htdocs...')
#15 {main}
CRITICAL - 2024-11-21 23:49:40 --> Error: Call to a member function getResult() on bool
[Method: GET, Route: children/high-risk]
in SYSTEMPATH\Model.php on line 287.
 1 SYSTEMPATH\BaseModel.php(676): CodeIgniter\Model->doFindAll(0, 0)
 2 APPPATH\Models\ChildrenModel.php(16): CodeIgniter\BaseModel->findAll()
 3 APPPATH\Controllers\Children.php(53): App\Models\ChildrenModel->getHighRiskCases()
 4 SYSTEMPATH\CodeIgniter.php(933): App\Controllers\Children->highRiskDashboard()
 5 SYSTEMPATH\CodeIgniter.php(509): CodeIgniter\CodeIgniter->runController(Object(App\Controllers\Children))
 6 SYSTEMPATH\CodeIgniter.php(355): CodeIgniter\CodeIgniter->handleRequest(null, Object(Config\Cache), false)
 7 SYSTEMPATH\Boot.php(325): CodeIgniter\CodeIgniter->run()
 8 SYSTEMPATH\Boot.php(67): CodeIgniter\Boot::runCodeIgniter(Object(CodeIgniter\CodeIgniter))
 9 FCPATH\index.php(56): CodeIgniter\Boot::bootWeb(Object(Config\Paths))
10 SYSTEMPATH\rewrite.php(44): require_once('C:\\xampp\\htdocs\\Malnutrition-system\\public\\index.php')
ERROR - 2024-11-21 23:59:08 --> mysqli_sql_exception: Unknown column 'nutritional_status' in 'where clause' in C:\xampp\htdocs\Malnutrition-system\system\Database\MySQLi\Connection.php:312
Stack trace:
#0 C:\xampp\htdocs\Malnutrition-system\system\Database\MySQLi\Connection.php(312): mysqli->query('SELECT *\nFROM `...', 0)
#1 C:\xampp\htdocs\Malnutrition-system\system\Database\BaseConnection.php(734): CodeIgniter\Database\MySQLi\Connection->execute('SELECT *\nFROM `...')
#2 C:\xampp\htdocs\Malnutrition-system\system\Database\BaseConnection.php(648): CodeIgniter\Database\BaseConnection->simpleQuery('SELECT *\nFROM `...')
#3 C:\xampp\htdocs\Malnutrition-system\system\Database\BaseBuilder.php(1644): CodeIgniter\Database\BaseConnection->query('SELECT *\nFROM `...', Array, false)
#4 C:\xampp\htdocs\Malnutrition-system\system\Model.php(286): CodeIgniter\Database\BaseBuilder->get()
#5 C:\xampp\htdocs\Malnutrition-system\system\BaseModel.php(676): CodeIgniter\Model->doFindAll(0, 0)
#6 C:\xampp\htdocs\Malnutrition-system\app\Models\ChildrenModel.php(16): CodeIgniter\BaseModel->findAll()
#7 C:\xampp\htdocs\Malnutrition-system\app\Controllers\Children.php(53): App\Models\ChildrenModel->getHighRiskCases()
#8 C:\xampp\htdocs\Malnutrition-system\system\CodeIgniter.php(933): App\Controllers\Children->highRiskDashboard()
#9 C:\xampp\htdocs\Malnutrition-system\system\CodeIgniter.php(509): CodeIgniter\CodeIgniter->runController(Object(App\Controllers\Children))
#10 C:\xampp\htdocs\Malnutrition-system\system\CodeIgniter.php(355): CodeIgniter\CodeIgniter->handleRequest(NULL, Object(Config\Cache), false)
#11 C:\xampp\htdocs\Malnutrition-system\system\Boot.php(325): CodeIgniter\CodeIgniter->run()
#12 C:\xampp\htdocs\Malnutrition-system\system\Boot.php(67): CodeIgniter\Boot::runCodeIgniter(Object(CodeIgniter\CodeIgniter))
#13 C:\xampp\htdocs\Malnutrition-system\public\index.php(56): CodeIgniter\Boot::bootWeb(Object(Config\Paths))
#14 C:\xampp\htdocs\Malnutrition-system\system\rewrite.php(44): require_once('C:\\xampp\\htdocs...')
#15 {main}
CRITICAL - 2024-11-21 23:59:08 --> Error: Call to a member function getResult() on bool
[Method: GET, Route: children/high-risk]
in SYSTEMPATH\Model.php on line 287.
 1 SYSTEMPATH\BaseModel.php(676): CodeIgniter\Model->doFindAll(0, 0)
 2 APPPATH\Models\ChildrenModel.php(16): CodeIgniter\BaseModel->findAll()
 3 APPPATH\Controllers\Children.php(53): App\Models\ChildrenModel->getHighRiskCases()
 4 SYSTEMPATH\CodeIgniter.php(933): App\Controllers\Children->highRiskDashboard()
 5 SYSTEMPATH\CodeIgniter.php(509): CodeIgniter\CodeIgniter->runController(Object(App\Controllers\Children))
 6 SYSTEMPATH\CodeIgniter.php(355): CodeIgniter\CodeIgniter->handleRequest(null, Object(Config\Cache), false)
 7 SYSTEMPATH\Boot.php(325): CodeIgniter\CodeIgniter->run()
 8 SYSTEMPATH\Boot.php(67): CodeIgniter\Boot::runCodeIgniter(Object(CodeIgniter\CodeIgniter))
 9 FCPATH\index.php(56): CodeIgniter\Boot::bootWeb(Object(Config\Paths))
10 SYSTEMPATH\rewrite.php(44): require_once('C:\\xampp\\htdocs\\Malnutrition-system\\public\\index.php')
