ERROR - 2024-11-22 00:43:37 --> mysqli_sql_exception: Unknown column 'nutritional_status' in 'where clause' in C:\xampp\htdocs\Malnutrition-system\system\Database\MySQLi\Connection.php:312
Stack trace:
#0 C:\xampp\htdocs\Malnutrition-system\system\Database\MySQLi\Connection.php(312): mysqli->query('SELECT *\nFROM `...', 0)
#1 C:\xampp\htdocs\Malnutrition-system\system\Database\BaseConnection.php(734): CodeIgniter\Database\MySQLi\Connection->execute('SELECT *\nFROM `...')
#2 C:\xampp\htdocs\Malnutrition-system\system\Database\BaseConnection.php(648): CodeIgniter\Database\BaseConnection->simpleQuery('SELECT *\nFROM `...')
#3 C:\xampp\htdocs\Malnutrition-system\system\Database\BaseBuilder.php(1644): CodeIgniter\Database\BaseConnection->query('SELECT *\nFROM `...', Array, false)
#4 C:\xampp\htdocs\Malnutrition-system\system\Model.php(286): CodeIgniter\Database\BaseBuilder->get()
#5 C:\xampp\htdocs\Malnutrition-system\system\BaseModel.php(676): CodeIgniter\Model->doFindAll(0, 0)
#6 C:\xampp\htdocs\Malnutrition-system\app\Models\ChildrenModel.php(16): CodeIgniter\BaseModel->findAll()
#7 C:\xampp\htdocs\Malnutrition-system\app\Controllers\Children.php(53): App\Models\ChildrenModel->getHighRiskCases()
#8 C:\xampp\htdocs\Malnutrition-system\system\CodeIgniter.php(933): App\Controllers\Children->highRiskDashboard()
#9 C:\xampp\htdocs\Malnutrition-system\system\CodeIgniter.php(509): CodeIgniter\CodeIgniter->runController(Object(App\Controllers\Children))
#10 C:\xampp\htdocs\Malnutrition-system\system\CodeIgniter.php(355): CodeIgniter\CodeIgniter->handleRequest(NULL, Object(Config\Cache), false)
#11 C:\xampp\htdocs\Malnutrition-system\system\Boot.php(325): CodeIgniter\CodeIgniter->run()
#12 C:\xampp\htdocs\Malnutrition-system\system\Boot.php(67): CodeIgniter\Boot::runCodeIgniter(Object(CodeIgniter\CodeIgniter))
#13 C:\xampp\htdocs\Malnutrition-system\public\index.php(56): CodeIgniter\Boot::bootWeb(Object(Config\Paths))
#14 C:\xampp\htdocs\Malnutrition-system\system\rewrite.php(44): require_once('C:\\xampp\\htdocs...')
#15 {main}
CRITICAL - 2024-11-22 00:43:37 --> Error: Call to a member function getResult() on bool
[Method: GET, Route: children/high-risk]
in SYSTEMPATH\Model.php on line 287.
 1 SYSTEMPATH\BaseModel.php(676): CodeIgniter\Model->doFindAll(0, 0)
 2 APPPATH\Models\ChildrenModel.php(16): CodeIgniter\BaseModel->findAll()
 3 APPPATH\Controllers\Children.php(53): App\Models\ChildrenModel->getHighRiskCases()
 4 SYSTEMPATH\CodeIgniter.php(933): App\Controllers\Children->highRiskDashboard()
 5 SYSTEMPATH\CodeIgniter.php(509): CodeIgniter\CodeIgniter->runController(Object(App\Controllers\Children))
 6 SYSTEMPATH\CodeIgniter.php(355): CodeIgniter\CodeIgniter->handleRequest(null, Object(Config\Cache), false)
 7 SYSTEMPATH\Boot.php(325): CodeIgniter\CodeIgniter->run()
 8 SYSTEMPATH\Boot.php(67): CodeIgniter\Boot::runCodeIgniter(Object(CodeIgniter\CodeIgniter))
 9 FCPATH\index.php(56): CodeIgniter\Boot::bootWeb(Object(Config\Paths))
10 SYSTEMPATH\rewrite.php(44): require_once('C:\\xampp\\htdocs\\Malnutrition-system\\public\\index.php')
ERROR - 2024-11-22 00:43:58 --> mysqli_sql_exception: Unknown column 'nutritional_status' in 'where clause' in C:\xampp\htdocs\Malnutrition-system\system\Database\MySQLi\Connection.php:312
Stack trace:
#0 C:\xampp\htdocs\Malnutrition-system\system\Database\MySQLi\Connection.php(312): mysqli->query('SELECT *\nFROM `...', 0)
#1 C:\xampp\htdocs\Malnutrition-system\system\Database\BaseConnection.php(734): CodeIgniter\Database\MySQLi\Connection->execute('SELECT *\nFROM `...')
#2 C:\xampp\htdocs\Malnutrition-system\system\Database\BaseConnection.php(648): CodeIgniter\Database\BaseConnection->simpleQuery('SELECT *\nFROM `...')
#3 C:\xampp\htdocs\Malnutrition-system\system\Database\BaseBuilder.php(1644): CodeIgniter\Database\BaseConnection->query('SELECT *\nFROM `...', Array, false)
#4 C:\xampp\htdocs\Malnutrition-system\system\Model.php(286): CodeIgniter\Database\BaseBuilder->get()
#5 C:\xampp\htdocs\Malnutrition-system\system\BaseModel.php(676): CodeIgniter\Model->doFindAll(0, 0)
#6 C:\xampp\htdocs\Malnutrition-system\app\Models\ChildrenModel.php(16): CodeIgniter\BaseModel->findAll()
#7 C:\xampp\htdocs\Malnutrition-system\app\Controllers\Children.php(53): App\Models\ChildrenModel->getHighRiskCases()
#8 C:\xampp\htdocs\Malnutrition-system\system\CodeIgniter.php(933): App\Controllers\Children->highRiskDashboard()
#9 C:\xampp\htdocs\Malnutrition-system\system\CodeIgniter.php(509): CodeIgniter\CodeIgniter->runController(Object(App\Controllers\Children))
#10 C:\xampp\htdocs\Malnutrition-system\system\CodeIgniter.php(355): CodeIgniter\CodeIgniter->handleRequest(NULL, Object(Config\Cache), false)
#11 C:\xampp\htdocs\Malnutrition-system\system\Boot.php(325): CodeIgniter\CodeIgniter->run()
#12 C:\xampp\htdocs\Malnutrition-system\system\Boot.php(67): CodeIgniter\Boot::runCodeIgniter(Object(CodeIgniter\CodeIgniter))
#13 C:\xampp\htdocs\Malnutrition-system\public\index.php(56): CodeIgniter\Boot::bootWeb(Object(Config\Paths))
#14 C:\xampp\htdocs\Malnutrition-system\system\rewrite.php(44): require_once('C:\\xampp\\htdocs...')
#15 {main}
CRITICAL - 2024-11-22 00:43:58 --> Error: Call to a member function getResult() on bool
[Method: GET, Route: children/high-risk]
in SYSTEMPATH\Model.php on line 287.
 1 SYSTEMPATH\BaseModel.php(676): CodeIgniter\Model->doFindAll(0, 0)
 2 APPPATH\Models\ChildrenModel.php(16): CodeIgniter\BaseModel->findAll()
 3 APPPATH\Controllers\Children.php(53): App\Models\ChildrenModel->getHighRiskCases()
 4 SYSTEMPATH\CodeIgniter.php(933): App\Controllers\Children->highRiskDashboard()
 5 SYSTEMPATH\CodeIgniter.php(509): CodeIgniter\CodeIgniter->runController(Object(App\Controllers\Children))
 6 SYSTEMPATH\CodeIgniter.php(355): CodeIgniter\CodeIgniter->handleRequest(null, Object(Config\Cache), false)
 7 SYSTEMPATH\Boot.php(325): CodeIgniter\CodeIgniter->run()
 8 SYSTEMPATH\Boot.php(67): CodeIgniter\Boot::runCodeIgniter(Object(CodeIgniter\CodeIgniter))
 9 FCPATH\index.php(56): CodeIgniter\Boot::bootWeb(Object(Config\Paths))
10 SYSTEMPATH\rewrite.php(44): require_once('C:\\xampp\\htdocs\\Malnutrition-system\\public\\index.php')
CRITICAL - 2024-11-22 00:53:31 --> Error: Class "App\Models\ChildrenModel" not found
[Method: GET, Route: children]
in APPPATH\Controllers\Children.php on line 12.
 1 SYSTEMPATH\CodeIgniter.php(933): App\Controllers\Children->index()
 2 SYSTEMPATH\CodeIgniter.php(509): CodeIgniter\CodeIgniter->runController(Object(App\Controllers\Children))
 3 SYSTEMPATH\CodeIgniter.php(355): CodeIgniter\CodeIgniter->handleRequest(null, Object(Config\Cache), false)
 4 SYSTEMPATH\Boot.php(325): CodeIgniter\CodeIgniter->run()
 5 SYSTEMPATH\Boot.php(67): CodeIgniter\Boot::runCodeIgniter(Object(CodeIgniter\CodeIgniter))
 6 FCPATH\index.php(56): CodeIgniter\Boot::bootWeb(Object(Config\Paths))
 7 SYSTEMPATH\rewrite.php(44): require_once('C:\\xampp\\htdocs\\Malnutrition-system\\public\\index.php')
CRITICAL - 2024-11-22 00:53:38 --> Error: Class "App\Models\ChildrenModel" not found
[Method: GET, Route: children]
in APPPATH\Controllers\Children.php on line 12.
 1 SYSTEMPATH\CodeIgniter.php(933): App\Controllers\Children->index()
 2 SYSTEMPATH\CodeIgniter.php(509): CodeIgniter\CodeIgniter->runController(Object(App\Controllers\Children))
 3 SYSTEMPATH\CodeIgniter.php(355): CodeIgniter\CodeIgniter->handleRequest(null, Object(Config\Cache), false)
 4 SYSTEMPATH\Boot.php(325): CodeIgniter\CodeIgniter->run()
 5 SYSTEMPATH\Boot.php(67): CodeIgniter\Boot::runCodeIgniter(Object(CodeIgniter\CodeIgniter))
 6 FCPATH\index.php(56): CodeIgniter\Boot::bootWeb(Object(Config\Paths))
 7 SYSTEMPATH\rewrite.php(44): require_once('C:\\xampp\\htdocs\\Malnutrition-system\\public\\index.php')
CRITICAL - 2024-11-22 00:53:40 --> Error: Class "App\Models\ChildrenModel" not found
[Method: GET, Route: children/dashboard]
in APPPATH\Controllers\Children.php on line 59.
 1 SYSTEMPATH\CodeIgniter.php(933): App\Controllers\Children->dashboard()
 2 SYSTEMPATH\CodeIgniter.php(509): CodeIgniter\CodeIgniter->runController(Object(App\Controllers\Children))
 3 SYSTEMPATH\CodeIgniter.php(355): CodeIgniter\CodeIgniter->handleRequest(null, Object(Config\Cache), false)
 4 SYSTEMPATH\Boot.php(325): CodeIgniter\CodeIgniter->run()
 5 SYSTEMPATH\Boot.php(67): CodeIgniter\Boot::runCodeIgniter(Object(CodeIgniter\CodeIgniter))
 6 FCPATH\index.php(56): CodeIgniter\Boot::bootWeb(Object(Config\Paths))
 7 SYSTEMPATH\rewrite.php(44): require_once('C:\\xampp\\htdocs\\Malnutrition-system\\public\\index.php')
CRITICAL - 2024-11-22 00:54:01 --> Error: Class "App\Models\ChildrenModel" not found
[Method: GET, Route: children]
in APPPATH\Controllers\Children.php on line 12.
 1 SYSTEMPATH\CodeIgniter.php(933): App\Controllers\Children->index()
 2 SYSTEMPATH\CodeIgniter.php(509): CodeIgniter\CodeIgniter->runController(Object(App\Controllers\Children))
 3 SYSTEMPATH\CodeIgniter.php(355): CodeIgniter\CodeIgniter->handleRequest(null, Object(Config\Cache), false)
 4 SYSTEMPATH\Boot.php(325): CodeIgniter\CodeIgniter->run()
 5 SYSTEMPATH\Boot.php(67): CodeIgniter\Boot::runCodeIgniter(Object(CodeIgniter\CodeIgniter))
 6 FCPATH\index.php(56): CodeIgniter\Boot::bootWeb(Object(Config\Paths))
 7 SYSTEMPATH\rewrite.php(44): require_once('C:\\xampp\\htdocs\\Malnutrition-system\\public\\index.php')
CRITICAL - 2024-11-22 00:54:04 --> Error: Class "App\Models\ChildrenModel" not found
[Method: GET, Route: children]
in APPPATH\Controllers\Children.php on line 12.
 1 SYSTEMPATH\CodeIgniter.php(933): App\Controllers\Children->index()
 2 SYSTEMPATH\CodeIgniter.php(509): CodeIgniter\CodeIgniter->runController(Object(App\Controllers\Children))
 3 SYSTEMPATH\CodeIgniter.php(355): CodeIgniter\CodeIgniter->handleRequest(null, Object(Config\Cache), false)
 4 SYSTEMPATH\Boot.php(325): CodeIgniter\CodeIgniter->run()
 5 SYSTEMPATH\Boot.php(67): CodeIgniter\Boot::runCodeIgniter(Object(CodeIgniter\CodeIgniter))
 6 FCPATH\index.php(56): CodeIgniter\Boot::bootWeb(Object(Config\Paths))
 7 SYSTEMPATH\rewrite.php(44): require_once('C:\\xampp\\htdocs\\Malnutrition-system\\public\\index.php')
CRITICAL - 2024-11-22 00:54:06 --> Error: Class "App\Models\ChildrenModel" not found
[Method: GET, Route: children/dashboard]
in APPPATH\Controllers\Children.php on line 59.
 1 SYSTEMPATH\CodeIgniter.php(933): App\Controllers\Children->dashboard()
 2 SYSTEMPATH\CodeIgniter.php(509): CodeIgniter\CodeIgniter->runController(Object(App\Controllers\Children))
 3 SYSTEMPATH\CodeIgniter.php(355): CodeIgniter\CodeIgniter->handleRequest(null, Object(Config\Cache), false)
 4 SYSTEMPATH\Boot.php(325): CodeIgniter\CodeIgniter->run()
 5 SYSTEMPATH\Boot.php(67): CodeIgniter\Boot::runCodeIgniter(Object(CodeIgniter\CodeIgniter))
 6 FCPATH\index.php(56): CodeIgniter\Boot::bootWeb(Object(Config\Paths))
 7 SYSTEMPATH\rewrite.php(44): require_once('C:\\xampp\\htdocs\\Malnutrition-system\\public\\index.php')
CRITICAL - 2024-11-22 00:54:08 --> Error: Class "App\Models\ChildrenModel" not found
[Method: GET, Route: children/high-risk]
in APPPATH\Controllers\Children.php on line 52.
 1 SYSTEMPATH\CodeIgniter.php(933): App\Controllers\Children->highRiskDashboard()
 2 SYSTEMPATH\CodeIgniter.php(509): CodeIgniter\CodeIgniter->runController(Object(App\Controllers\Children))
 3 SYSTEMPATH\CodeIgniter.php(355): CodeIgniter\CodeIgniter->handleRequest(null, Object(Config\Cache), false)
 4 SYSTEMPATH\Boot.php(325): CodeIgniter\CodeIgniter->run()
 5 SYSTEMPATH\Boot.php(67): CodeIgniter\Boot::runCodeIgniter(Object(CodeIgniter\CodeIgniter))
 6 FCPATH\index.php(56): CodeIgniter\Boot::bootWeb(Object(Config\Paths))
 7 SYSTEMPATH\rewrite.php(44): require_once('C:\\xampp\\htdocs\\Malnutrition-system\\public\\index.php')
CRITICAL - 2024-11-22 00:54:19 --> Error: Class "App\Models\ChildrenModel" not found
[Method: GET, Route: children]
in APPPATH\Controllers\Children.php on line 12.
 1 SYSTEMPATH\CodeIgniter.php(933): App\Controllers\Children->index()
 2 SYSTEMPATH\CodeIgniter.php(509): CodeIgniter\CodeIgniter->runController(Object(App\Controllers\Children))
 3 SYSTEMPATH\CodeIgniter.php(355): CodeIgniter\CodeIgniter->handleRequest(null, Object(Config\Cache), false)
 4 SYSTEMPATH\Boot.php(325): CodeIgniter\CodeIgniter->run()
 5 SYSTEMPATH\Boot.php(67): CodeIgniter\Boot::runCodeIgniter(Object(CodeIgniter\CodeIgniter))
 6 FCPATH\index.php(56): CodeIgniter\Boot::bootWeb(Object(Config\Paths))
 7 SYSTEMPATH\rewrite.php(44): require_once('C:\\xampp\\htdocs\\Malnutrition-system\\public\\index.php')
ERROR - 2024-11-22 00:54:53 --> mysqli_sql_exception: Unknown column 'nutritional_status' in 'where clause' in C:\xampp\htdocs\Malnutrition-system\system\Database\MySQLi\Connection.php:312
Stack trace:
#0 C:\xampp\htdocs\Malnutrition-system\system\Database\MySQLi\Connection.php(312): mysqli->query('SELECT *\nFROM `...', 0)
#1 C:\xampp\htdocs\Malnutrition-system\system\Database\BaseConnection.php(734): CodeIgniter\Database\MySQLi\Connection->execute('SELECT *\nFROM `...')
#2 C:\xampp\htdocs\Malnutrition-system\system\Database\BaseConnection.php(648): CodeIgniter\Database\BaseConnection->simpleQuery('SELECT *\nFROM `...')
#3 C:\xampp\htdocs\Malnutrition-system\system\Database\BaseBuilder.php(1644): CodeIgniter\Database\BaseConnection->query('SELECT *\nFROM `...', Array, false)
#4 C:\xampp\htdocs\Malnutrition-system\system\Model.php(286): CodeIgniter\Database\BaseBuilder->get()
#5 C:\xampp\htdocs\Malnutrition-system\system\BaseModel.php(676): CodeIgniter\Model->doFindAll(0, 0)
#6 C:\xampp\htdocs\Malnutrition-system\app\Models\ChildrenModel.php(16): CodeIgniter\BaseModel->findAll()
#7 C:\xampp\htdocs\Malnutrition-system\app\Controllers\Children.php(53): App\Models\ChildrenModel->getHighRiskCases()
#8 C:\xampp\htdocs\Malnutrition-system\system\CodeIgniter.php(933): App\Controllers\Children->highRiskDashboard()
#9 C:\xampp\htdocs\Malnutrition-system\system\CodeIgniter.php(509): CodeIgniter\CodeIgniter->runController(Object(App\Controllers\Children))
#10 C:\xampp\htdocs\Malnutrition-system\system\CodeIgniter.php(355): CodeIgniter\CodeIgniter->handleRequest(NULL, Object(Config\Cache), false)
#11 C:\xampp\htdocs\Malnutrition-system\system\Boot.php(325): CodeIgniter\CodeIgniter->run()
#12 C:\xampp\htdocs\Malnutrition-system\system\Boot.php(67): CodeIgniter\Boot::runCodeIgniter(Object(CodeIgniter\CodeIgniter))
#13 C:\xampp\htdocs\Malnutrition-system\public\index.php(56): CodeIgniter\Boot::bootWeb(Object(Config\Paths))
#14 C:\xampp\htdocs\Malnutrition-system\system\rewrite.php(44): require_once('C:\\xampp\\htdocs...')
#15 {main}
CRITICAL - 2024-11-22 00:54:53 --> Error: Call to a member function getResult() on bool
[Method: GET, Route: children/high-risk]
in SYSTEMPATH\Model.php on line 287.
 1 SYSTEMPATH\BaseModel.php(676): CodeIgniter\Model->doFindAll(0, 0)
 2 APPPATH\Models\ChildrenModel.php(16): CodeIgniter\BaseModel->findAll()
 3 APPPATH\Controllers\Children.php(53): App\Models\ChildrenModel->getHighRiskCases()
 4 SYSTEMPATH\CodeIgniter.php(933): App\Controllers\Children->highRiskDashboard()
 5 SYSTEMPATH\CodeIgniter.php(509): CodeIgniter\CodeIgniter->runController(Object(App\Controllers\Children))
 6 SYSTEMPATH\CodeIgniter.php(355): CodeIgniter\CodeIgniter->handleRequest(null, Object(Config\Cache), false)
 7 SYSTEMPATH\Boot.php(325): CodeIgniter\CodeIgniter->run()
 8 SYSTEMPATH\Boot.php(67): CodeIgniter\Boot::runCodeIgniter(Object(CodeIgniter\CodeIgniter))
 9 FCPATH\index.php(56): CodeIgniter\Boot::bootWeb(Object(Config\Paths))
10 SYSTEMPATH\rewrite.php(44): require_once('C:\\xampp\\htdocs\\Malnutrition-system\\public\\index.php')
CRITICAL - 2024-11-22 00:55:41 --> CodeIgniter\View\Exceptions\ViewException: Invalid file: "children/highRiskDashboard.php"
[Method: GET, Route: children/high-risk]
in SYSTEMPATH\Exceptions\FrameworkException.php on line 41.
 1 SYSTEMPATH\View\View.php(222): CodeIgniter\Exceptions\FrameworkException::forInvalidFile('children/highRiskDashboard.php')
 2 SYSTEMPATH\Common.php(1171): CodeIgniter\View\View->render('children/highRiskDashboard', [], true)
 3 APPPATH\Controllers\Children.php(54): view('children/highRiskDashboard', [...])
 4 SYSTEMPATH\CodeIgniter.php(933): App\Controllers\Children->highRiskDashboard()
 5 SYSTEMPATH\CodeIgniter.php(509): CodeIgniter\CodeIgniter->runController(Object(App\Controllers\Children))
 6 SYSTEMPATH\CodeIgniter.php(355): CodeIgniter\CodeIgniter->handleRequest(null, Object(Config\Cache), false)
 7 SYSTEMPATH\Boot.php(325): CodeIgniter\CodeIgniter->run()
 8 SYSTEMPATH\Boot.php(67): CodeIgniter\Boot::runCodeIgniter(Object(CodeIgniter\CodeIgniter))
 9 FCPATH\index.php(56): CodeIgniter\Boot::bootWeb(Object(Config\Paths))
10 SYSTEMPATH\rewrite.php(44): require_once('C:\\xampp\\htdocs\\Malnutrition-system\\public\\index.php')
CRITICAL - 2024-11-22 00:56:45 --> Error: Class "App\Models\ChildModel" not found
[Method: GET, Route: children/high-risk]
in APPPATH\Controllers\HighRiskController.php on line 11.
 1 SYSTEMPATH\CodeIgniter.php(933): App\Controllers\HighRiskController->index()
 2 SYSTEMPATH\CodeIgniter.php(509): CodeIgniter\CodeIgniter->runController(Object(App\Controllers\HighRiskController))
 3 SYSTEMPATH\CodeIgniter.php(355): CodeIgniter\CodeIgniter->handleRequest(null, Object(Config\Cache), false)
 4 SYSTEMPATH\Boot.php(325): CodeIgniter\CodeIgniter->run()
 5 SYSTEMPATH\Boot.php(67): CodeIgniter\Boot::runCodeIgniter(Object(CodeIgniter\CodeIgniter))
 6 FCPATH\index.php(56): CodeIgniter\Boot::bootWeb(Object(Config\Paths))
 7 SYSTEMPATH\rewrite.php(44): require_once('C:\\xampp\\htdocs\\Malnutrition-system\\public\\index.php')
CRITICAL - 2024-11-22 00:56:46 --> Error: Class "App\Models\ChildModel" not found
[Method: GET, Route: children/high-risk]
in APPPATH\Controllers\HighRiskController.php on line 11.
 1 SYSTEMPATH\CodeIgniter.php(933): App\Controllers\HighRiskController->index()
 2 SYSTEMPATH\CodeIgniter.php(509): CodeIgniter\CodeIgniter->runController(Object(App\Controllers\HighRiskController))
 3 SYSTEMPATH\CodeIgniter.php(355): CodeIgniter\CodeIgniter->handleRequest(null, Object(Config\Cache), false)
 4 SYSTEMPATH\Boot.php(325): CodeIgniter\CodeIgniter->run()
 5 SYSTEMPATH\Boot.php(67): CodeIgniter\Boot::runCodeIgniter(Object(CodeIgniter\CodeIgniter))
 6 FCPATH\index.php(56): CodeIgniter\Boot::bootWeb(Object(Config\Paths))
 7 SYSTEMPATH\rewrite.php(44): require_once('C:\\xampp\\htdocs\\Malnutrition-system\\public\\index.php')
CRITICAL - 2024-11-22 00:56:48 --> Error: Class "App\Models\ChildModel" not found
[Method: GET, Route: children/high-risk]
in APPPATH\Controllers\HighRiskController.php on line 11.
 1 SYSTEMPATH\CodeIgniter.php(933): App\Controllers\HighRiskController->index()
 2 SYSTEMPATH\CodeIgniter.php(509): CodeIgniter\CodeIgniter->runController(Object(App\Controllers\HighRiskController))
 3 SYSTEMPATH\CodeIgniter.php(355): CodeIgniter\CodeIgniter->handleRequest(null, Object(Config\Cache), false)
 4 SYSTEMPATH\Boot.php(325): CodeIgniter\CodeIgniter->run()
 5 SYSTEMPATH\Boot.php(67): CodeIgniter\Boot::runCodeIgniter(Object(CodeIgniter\CodeIgniter))
 6 FCPATH\index.php(56): CodeIgniter\Boot::bootWeb(Object(Config\Paths))
 7 SYSTEMPATH\rewrite.php(44): require_once('C:\\xampp\\htdocs\\Malnutrition-system\\public\\index.php')
CRITICAL - 2024-11-22 00:56:59 --> Error: Class "App\Models\ChildModel" not found
[Method: GET, Route: children/high-risk]
in APPPATH\Controllers\HighRiskController.php on line 11.
 1 SYSTEMPATH\CodeIgniter.php(933): App\Controllers\HighRiskController->index()
 2 SYSTEMPATH\CodeIgniter.php(509): CodeIgniter\CodeIgniter->runController(Object(App\Controllers\HighRiskController))
 3 SYSTEMPATH\CodeIgniter.php(355): CodeIgniter\CodeIgniter->handleRequest(null, Object(Config\Cache), false)
 4 SYSTEMPATH\Boot.php(325): CodeIgniter\CodeIgniter->run()
 5 SYSTEMPATH\Boot.php(67): CodeIgniter\Boot::runCodeIgniter(Object(CodeIgniter\CodeIgniter))
 6 FCPATH\index.php(56): CodeIgniter\Boot::bootWeb(Object(Config\Paths))
 7 SYSTEMPATH\rewrite.php(44): require_once('C:\\xampp\\htdocs\\Malnutrition-system\\public\\index.php')
CRITICAL - 2024-11-22 00:56:59 --> Error: Class "App\Models\ChildModel" not found
[Method: GET, Route: children/high-risk]
in APPPATH\Controllers\HighRiskController.php on line 11.
 1 SYSTEMPATH\CodeIgniter.php(933): App\Controllers\HighRiskController->index()
 2 SYSTEMPATH\CodeIgniter.php(509): CodeIgniter\CodeIgniter->runController(Object(App\Controllers\HighRiskController))
 3 SYSTEMPATH\CodeIgniter.php(355): CodeIgniter\CodeIgniter->handleRequest(null, Object(Config\Cache), false)
 4 SYSTEMPATH\Boot.php(325): CodeIgniter\CodeIgniter->run()
 5 SYSTEMPATH\Boot.php(67): CodeIgniter\Boot::runCodeIgniter(Object(CodeIgniter\CodeIgniter))
 6 FCPATH\index.php(56): CodeIgniter\Boot::bootWeb(Object(Config\Paths))
 7 SYSTEMPATH\rewrite.php(44): require_once('C:\\xampp\\htdocs\\Malnutrition-system\\public\\index.php')
CRITICAL - 2024-11-22 00:56:59 --> Error: Class "App\Models\ChildModel" not found
[Method: GET, Route: children/high-risk]
in APPPATH\Controllers\HighRiskController.php on line 11.
 1 SYSTEMPATH\CodeIgniter.php(933): App\Controllers\HighRiskController->index()
 2 SYSTEMPATH\CodeIgniter.php(509): CodeIgniter\CodeIgniter->runController(Object(App\Controllers\HighRiskController))
 3 SYSTEMPATH\CodeIgniter.php(355): CodeIgniter\CodeIgniter->handleRequest(null, Object(Config\Cache), false)
 4 SYSTEMPATH\Boot.php(325): CodeIgniter\CodeIgniter->run()
 5 SYSTEMPATH\Boot.php(67): CodeIgniter\Boot::runCodeIgniter(Object(CodeIgniter\CodeIgniter))
 6 FCPATH\index.php(56): CodeIgniter\Boot::bootWeb(Object(Config\Paths))
 7 SYSTEMPATH\rewrite.php(44): require_once('C:\\xampp\\htdocs\\Malnutrition-system\\public\\index.php')
CRITICAL - 2024-11-22 00:57:19 --> Error: Class "App\Models\ChildModel" not found
[Method: GET, Route: children/high-risk]
in APPPATH\Controllers\HighRiskController.php on line 11.
 1 SYSTEMPATH\CodeIgniter.php(933): App\Controllers\HighRiskController->index()
 2 SYSTEMPATH\CodeIgniter.php(509): CodeIgniter\CodeIgniter->runController(Object(App\Controllers\HighRiskController))
 3 SYSTEMPATH\CodeIgniter.php(355): CodeIgniter\CodeIgniter->handleRequest(null, Object(Config\Cache), false)
 4 SYSTEMPATH\Boot.php(325): CodeIgniter\CodeIgniter->run()
 5 SYSTEMPATH\Boot.php(67): CodeIgniter\Boot::runCodeIgniter(Object(CodeIgniter\CodeIgniter))
 6 FCPATH\index.php(56): CodeIgniter\Boot::bootWeb(Object(Config\Paths))
 7 SYSTEMPATH\rewrite.php(44): require_once('C:\\xampp\\htdocs\\Malnutrition-system\\public\\index.php')
CRITICAL - 2024-11-22 00:57:26 --> Error: Class "App\Models\ChildModel" not found
[Method: GET, Route: children/high-risk]
in APPPATH\Controllers\HighRiskController.php on line 11.
 1 SYSTEMPATH\CodeIgniter.php(933): App\Controllers\HighRiskController->index()
 2 SYSTEMPATH\CodeIgniter.php(509): CodeIgniter\CodeIgniter->runController(Object(App\Controllers\HighRiskController))
 3 SYSTEMPATH\CodeIgniter.php(355): CodeIgniter\CodeIgniter->handleRequest(null, Object(Config\Cache), false)
 4 SYSTEMPATH\Boot.php(325): CodeIgniter\CodeIgniter->run()
 5 SYSTEMPATH\Boot.php(67): CodeIgniter\Boot::runCodeIgniter(Object(CodeIgniter\CodeIgniter))
 6 FCPATH\index.php(56): CodeIgniter\Boot::bootWeb(Object(Config\Paths))
 7 SYSTEMPATH\rewrite.php(44): require_once('C:\\xampp\\htdocs\\Malnutrition-system\\public\\index.php')
CRITICAL - 2024-11-22 00:58:14 --> Error: Class "App\Controllers\ChildModel" not found
[Method: GET, Route: children/high-risk]
in APPPATH\Controllers\HighRiskController.php on line 11.
 1 SYSTEMPATH\CodeIgniter.php(933): App\Controllers\HighRiskController->index()
 2 SYSTEMPATH\CodeIgniter.php(509): CodeIgniter\CodeIgniter->runController(Object(App\Controllers\HighRiskController))
 3 SYSTEMPATH\CodeIgniter.php(355): CodeIgniter\CodeIgniter->handleRequest(null, Object(Config\Cache), false)
 4 SYSTEMPATH\Boot.php(325): CodeIgniter\CodeIgniter->run()
 5 SYSTEMPATH\Boot.php(67): CodeIgniter\Boot::runCodeIgniter(Object(CodeIgniter\CodeIgniter))
 6 FCPATH\index.php(56): CodeIgniter\Boot::bootWeb(Object(Config\Paths))
 7 SYSTEMPATH\rewrite.php(44): require_once('C:\\xampp\\htdocs\\Malnutrition-system\\public\\index.php')
CRITICAL - 2024-11-22 00:58:17 --> Error: Class "App\Controllers\ChildModel" not found
[Method: GET, Route: children/high-risk]
in APPPATH\Controllers\HighRiskController.php on line 11.
 1 SYSTEMPATH\CodeIgniter.php(933): App\Controllers\HighRiskController->index()
 2 SYSTEMPATH\CodeIgniter.php(509): CodeIgniter\CodeIgniter->runController(Object(App\Controllers\HighRiskController))
 3 SYSTEMPATH\CodeIgniter.php(355): CodeIgniter\CodeIgniter->handleRequest(null, Object(Config\Cache), false)
 4 SYSTEMPATH\Boot.php(325): CodeIgniter\CodeIgniter->run()
 5 SYSTEMPATH\Boot.php(67): CodeIgniter\Boot::runCodeIgniter(Object(CodeIgniter\CodeIgniter))
 6 FCPATH\index.php(56): CodeIgniter\Boot::bootWeb(Object(Config\Paths))
 7 SYSTEMPATH\rewrite.php(44): require_once('C:\\xampp\\htdocs\\Malnutrition-system\\public\\index.php')
CRITICAL - 2024-11-22 02:10:57 --> ErrorException: Undefined variable $labels
[Method: GET, Route: children/dashboard]
in APPPATH\Views\children\dashboard.php on line 46.
 1 APPPATH\Views\children\dashboard.php(46): CodeIgniter\Debug\Exceptions->errorHandler(2, 'Undefined variable $labels', 'C:\\xampp\\htdocs\\Malnutrition-system\\app\\Views\\children\\dashboard.php', 46)
 2 SYSTEMPATH\View\View.php(234): include('C:\\xampp\\htdocs\\Malnutrition-system\\app\\Views\\children\\dashboard.php')
 3 SYSTEMPATH\View\View.php(237): CodeIgniter\View\View->CodeIgniter\View\{closure}()
 4 SYSTEMPATH\Common.php(1171): CodeIgniter\View\View->render('children/dashboard', [], true)
 5 APPPATH\Controllers\Children.php(98): view('children/dashboard', [...])
 6 SYSTEMPATH\CodeIgniter.php(933): App\Controllers\Children->dashboard()
 7 SYSTEMPATH\CodeIgniter.php(509): CodeIgniter\CodeIgniter->runController(Object(App\Controllers\Children))
 8 SYSTEMPATH\CodeIgniter.php(355): CodeIgniter\CodeIgniter->handleRequest(null, Object(Config\Cache), false)
 9 SYSTEMPATH\Boot.php(325): CodeIgniter\CodeIgniter->run()
10 SYSTEMPATH\Boot.php(67): CodeIgniter\Boot::runCodeIgniter(Object(CodeIgniter\CodeIgniter))
11 FCPATH\index.php(56): CodeIgniter\Boot::bootWeb(Object(Config\Paths))
12 SYSTEMPATH\rewrite.php(44): require_once('C:\\xampp\\htdocs\\Malnutrition-system\\public\\index.php')
CRITICAL - 2024-11-22 02:12:57 --> CodeIgniter\View\Exceptions\ViewException: Invalid file: "dashboard.php"
[Method: GET, Route: children/dashboard]
in SYSTEMPATH\Exceptions\FrameworkException.php on line 41.
 1 SYSTEMPATH\View\View.php(222): CodeIgniter\Exceptions\FrameworkException::forInvalidFile('dashboard.php')
 2 SYSTEMPATH\Common.php(1171): CodeIgniter\View\View->render('dashboard', [], true)
 3 APPPATH\Controllers\Children.php(72): view('dashboard')
 4 SYSTEMPATH\CodeIgniter.php(933): App\Controllers\Children->dashboard()
 5 SYSTEMPATH\CodeIgniter.php(509): CodeIgniter\CodeIgniter->runController(Object(App\Controllers\Children))
 6 SYSTEMPATH\CodeIgniter.php(355): CodeIgniter\CodeIgniter->handleRequest(null, Object(Config\Cache), false)
 7 SYSTEMPATH\Boot.php(325): CodeIgniter\CodeIgniter->run()
 8 SYSTEMPATH\Boot.php(67): CodeIgniter\Boot::runCodeIgniter(Object(CodeIgniter\CodeIgniter))
 9 FCPATH\index.php(56): CodeIgniter\Boot::bootWeb(Object(Config\Paths))
10 SYSTEMPATH\rewrite.php(44): require_once('C:\\xampp\\htdocs\\Malnutrition-system\\public\\index.php')
CRITICAL - 2024-11-22 02:12:59 --> CodeIgniter\View\Exceptions\ViewException: Invalid file: "dashboard.php"
[Method: GET, Route: children/dashboard]
in SYSTEMPATH\Exceptions\FrameworkException.php on line 41.
 1 SYSTEMPATH\View\View.php(222): CodeIgniter\Exceptions\FrameworkException::forInvalidFile('dashboard.php')
 2 SYSTEMPATH\Common.php(1171): CodeIgniter\View\View->render('dashboard', [], true)
 3 APPPATH\Controllers\Children.php(72): view('dashboard')
 4 SYSTEMPATH\CodeIgniter.php(933): App\Controllers\Children->dashboard()
 5 SYSTEMPATH\CodeIgniter.php(509): CodeIgniter\CodeIgniter->runController(Object(App\Controllers\Children))
 6 SYSTEMPATH\CodeIgniter.php(355): CodeIgniter\CodeIgniter->handleRequest(null, Object(Config\Cache), false)
 7 SYSTEMPATH\Boot.php(325): CodeIgniter\CodeIgniter->run()
 8 SYSTEMPATH\Boot.php(67): CodeIgniter\Boot::runCodeIgniter(Object(CodeIgniter\CodeIgniter))
 9 FCPATH\index.php(56): CodeIgniter\Boot::bootWeb(Object(Config\Paths))
10 SYSTEMPATH\rewrite.php(44): require_once('C:\\xampp\\htdocs\\Malnutrition-system\\public\\index.php')
CRITICAL - 2024-11-22 02:13:02 --> CodeIgniter\View\Exceptions\ViewException: Invalid file: "dashboard.php"
[Method: GET, Route: children/dashboard]
in SYSTEMPATH\Exceptions\FrameworkException.php on line 41.
 1 SYSTEMPATH\View\View.php(222): CodeIgniter\Exceptions\FrameworkException::forInvalidFile('dashboard.php')
 2 SYSTEMPATH\Common.php(1171): CodeIgniter\View\View->render('dashboard', [], true)
 3 APPPATH\Controllers\Children.php(72): view('dashboard')
 4 SYSTEMPATH\CodeIgniter.php(933): App\Controllers\Children->dashboard()
 5 SYSTEMPATH\CodeIgniter.php(509): CodeIgniter\CodeIgniter->runController(Object(App\Controllers\Children))
 6 SYSTEMPATH\CodeIgniter.php(355): CodeIgniter\CodeIgniter->handleRequest(null, Object(Config\Cache), false)
 7 SYSTEMPATH\Boot.php(325): CodeIgniter\CodeIgniter->run()
 8 SYSTEMPATH\Boot.php(67): CodeIgniter\Boot::runCodeIgniter(Object(CodeIgniter\CodeIgniter))
 9 FCPATH\index.php(56): CodeIgniter\Boot::bootWeb(Object(Config\Paths))
10 SYSTEMPATH\rewrite.php(44): require_once('C:\\xampp\\htdocs\\Malnutrition-system\\public\\index.php')
CRITICAL - 2024-11-22 02:15:51 --> ErrorException: Undefined variable $labels
[Method: GET, Route: children/dashboard]
in APPPATH\Views\children\dashboard.php on line 46.
 1 APPPATH\Views\children\dashboard.php(46): CodeIgniter\Debug\Exceptions->errorHandler(2, 'Undefined variable $labels', 'C:\\xampp\\htdocs\\Malnutrition-system\\app\\Views\\children\\dashboard.php', 46)
 2 SYSTEMPATH\View\View.php(234): include('C:\\xampp\\htdocs\\Malnutrition-system\\app\\Views\\children\\dashboard.php')
 3 SYSTEMPATH\View\View.php(237): CodeIgniter\View\View->CodeIgniter\View\{closure}()
 4 SYSTEMPATH\Common.php(1171): CodeIgniter\View\View->render('children/dashboard', [], true)
 5 APPPATH\Controllers\Children.php(98): view('children/dashboard', [...])
 6 SYSTEMPATH\CodeIgniter.php(933): App\Controllers\Children->dashboard()
 7 SYSTEMPATH\CodeIgniter.php(509): CodeIgniter\CodeIgniter->runController(Object(App\Controllers\Children))
 8 SYSTEMPATH\CodeIgniter.php(355): CodeIgniter\CodeIgniter->handleRequest(null, Object(Config\Cache), false)
 9 SYSTEMPATH\Boot.php(325): CodeIgniter\CodeIgniter->run()
10 SYSTEMPATH\Boot.php(67): CodeIgniter\Boot::runCodeIgniter(Object(CodeIgniter\CodeIgniter))
11 FCPATH\index.php(56): CodeIgniter\Boot::bootWeb(Object(Config\Paths))
12 SYSTEMPATH\rewrite.php(44): require_once('C:\\xampp\\htdocs\\Malnutrition-system\\public\\index.php')
CRITICAL - 2024-11-22 02:29:39 --> ErrorException: Undefined variable $labels
[Method: GET, Route: children/dashboard]
in APPPATH\Views\children\dashboard.php on line 46.
 1 APPPATH\Views\children\dashboard.php(46): CodeIgniter\Debug\Exceptions->errorHandler(2, 'Undefined variable $labels', 'C:\\xampp\\htdocs\\Malnutrition-system\\app\\Views\\children\\dashboard.php', 46)
 2 SYSTEMPATH\View\View.php(234): include('C:\\xampp\\htdocs\\Malnutrition-system\\app\\Views\\children\\dashboard.php')
 3 SYSTEMPATH\View\View.php(237): CodeIgniter\View\View->CodeIgniter\View\{closure}()
 4 SYSTEMPATH\Common.php(1171): CodeIgniter\View\View->render('children/dashboard', [], true)
 5 APPPATH\Controllers\Children.php(98): view('children/dashboard', [...])
 6 SYSTEMPATH\CodeIgniter.php(933): App\Controllers\Children->dashboard()
 7 SYSTEMPATH\CodeIgniter.php(509): CodeIgniter\CodeIgniter->runController(Object(App\Controllers\Children))
 8 SYSTEMPATH\CodeIgniter.php(355): CodeIgniter\CodeIgniter->handleRequest(null, Object(Config\Cache), false)
 9 SYSTEMPATH\Boot.php(325): CodeIgniter\CodeIgniter->run()
10 SYSTEMPATH\Boot.php(67): CodeIgniter\Boot::runCodeIgniter(Object(CodeIgniter\CodeIgniter))
11 FCPATH\index.php(56): CodeIgniter\Boot::bootWeb(Object(Config\Paths))
12 SYSTEMPATH\rewrite.php(44): require_once('C:\\xampp\\htdocs\\Malnutrition-system\\public\\index.php')
CRITICAL - 2024-11-22 02:33:45 --> ErrorException: Undefined variable $labels
[Method: GET, Route: children/dashboard]
in APPPATH\Views\children\dashboard.php on line 46.
 1 APPPATH\Views\children\dashboard.php(46): CodeIgniter\Debug\Exceptions->errorHandler(2, 'Undefined variable $labels', 'C:\\xampp\\htdocs\\Malnutrition-system\\app\\Views\\children\\dashboard.php', 46)
 2 SYSTEMPATH\View\View.php(234): include('C:\\xampp\\htdocs\\Malnutrition-system\\app\\Views\\children\\dashboard.php')
 3 SYSTEMPATH\View\View.php(237): CodeIgniter\View\View->CodeIgniter\View\{closure}()
 4 SYSTEMPATH\Common.php(1171): CodeIgniter\View\View->render('children/dashboard', [], true)
 5 APPPATH\Controllers\Children.php(98): view('children/dashboard', [...])
 6 SYSTEMPATH\CodeIgniter.php(933): App\Controllers\Children->dashboard()
 7 SYSTEMPATH\CodeIgniter.php(509): CodeIgniter\CodeIgniter->runController(Object(App\Controllers\Children))
 8 SYSTEMPATH\CodeIgniter.php(355): CodeIgniter\CodeIgniter->handleRequest(null, Object(Config\Cache), false)
 9 SYSTEMPATH\Boot.php(325): CodeIgniter\CodeIgniter->run()
10 SYSTEMPATH\Boot.php(67): CodeIgniter\Boot::runCodeIgniter(Object(CodeIgniter\CodeIgniter))
11 FCPATH\index.php(56): CodeIgniter\Boot::bootWeb(Object(Config\Paths))
12 SYSTEMPATH\rewrite.php(44): require_once('C:\\xampp\\htdocs\\Malnutrition-system\\public\\index.php')
CRITICAL - 2024-11-22 02:47:43 --> ErrorException: Undefined variable $labels
[Method: GET, Route: children/dashboard]
in APPPATH\Views\children\dashboard.php on line 46.
 1 APPPATH\Views\children\dashboard.php(46): CodeIgniter\Debug\Exceptions->errorHandler(2, 'Undefined variable $labels', 'C:\\xampp\\htdocs\\Malnutrition-system\\app\\Views\\children\\dashboard.php', 46)
 2 SYSTEMPATH\View\View.php(234): include('C:\\xampp\\htdocs\\Malnutrition-system\\app\\Views\\children\\dashboard.php')
 3 SYSTEMPATH\View\View.php(237): CodeIgniter\View\View->CodeIgniter\View\{closure}()
 4 SYSTEMPATH\Common.php(1171): CodeIgniter\View\View->render('children/dashboard', [], true)
 5 APPPATH\Controllers\Children.php(98): view('children/dashboard', [...])
 6 SYSTEMPATH\CodeIgniter.php(933): App\Controllers\Children->dashboard()
 7 SYSTEMPATH\CodeIgniter.php(509): CodeIgniter\CodeIgniter->runController(Object(App\Controllers\Children))
 8 SYSTEMPATH\CodeIgniter.php(355): CodeIgniter\CodeIgniter->handleRequest(null, Object(Config\Cache), false)
 9 SYSTEMPATH\Boot.php(325): CodeIgniter\CodeIgniter->run()
10 SYSTEMPATH\Boot.php(67): CodeIgniter\Boot::runCodeIgniter(Object(CodeIgniter\CodeIgniter))
11 FCPATH\index.php(56): CodeIgniter\Boot::bootWeb(Object(Config\Paths))
12 SYSTEMPATH\rewrite.php(44): require_once('C:\\xampp\\htdocs\\Malnutrition-system\\public\\index.php')
CRITICAL - 2024-11-22 02:49:06 --> ErrorException: Undefined variable $labels
[Method: GET, Route: children/dashboard]
in APPPATH\Views\children\dashboard.php on line 46.
 1 APPPATH\Views\children\dashboard.php(46): CodeIgniter\Debug\Exceptions->errorHandler(2, 'Undefined variable $labels', 'C:\\xampp\\htdocs\\Malnutrition-system\\app\\Views\\children\\dashboard.php', 46)
 2 SYSTEMPATH\View\View.php(234): include('C:\\xampp\\htdocs\\Malnutrition-system\\app\\Views\\children\\dashboard.php')
 3 SYSTEMPATH\View\View.php(237): CodeIgniter\View\View->CodeIgniter\View\{closure}()
 4 SYSTEMPATH\Common.php(1171): CodeIgniter\View\View->render('children/dashboard', [], true)
 5 APPPATH\Controllers\Children.php(98): view('children/dashboard', [...])
 6 SYSTEMPATH\CodeIgniter.php(933): App\Controllers\Children->dashboard()
 7 SYSTEMPATH\CodeIgniter.php(509): CodeIgniter\CodeIgniter->runController(Object(App\Controllers\Children))
 8 SYSTEMPATH\CodeIgniter.php(355): CodeIgniter\CodeIgniter->handleRequest(null, Object(Config\Cache), false)
 9 SYSTEMPATH\Boot.php(325): CodeIgniter\CodeIgniter->run()
10 SYSTEMPATH\Boot.php(67): CodeIgniter\Boot::runCodeIgniter(Object(CodeIgniter\CodeIgniter))
11 FCPATH\index.php(56): CodeIgniter\Boot::bootWeb(Object(Config\Paths))
12 SYSTEMPATH\rewrite.php(44): require_once('C:\\xampp\\htdocs\\Malnutrition-system\\public\\index.php')
CRITICAL - 2024-11-22 02:51:59 --> ErrorException: Undefined variable $labels
[Method: GET, Route: children/dashboard]
in APPPATH\Views\children\dashboard.php on line 46.
 1 APPPATH\Views\children\dashboard.php(46): CodeIgniter\Debug\Exceptions->errorHandler(2, 'Undefined variable $labels', 'C:\\xampp\\htdocs\\Malnutrition-system\\app\\Views\\children\\dashboard.php', 46)
 2 SYSTEMPATH\View\View.php(234): include('C:\\xampp\\htdocs\\Malnutrition-system\\app\\Views\\children\\dashboard.php')
 3 SYSTEMPATH\View\View.php(237): CodeIgniter\View\View->CodeIgniter\View\{closure}()
 4 SYSTEMPATH\Common.php(1171): CodeIgniter\View\View->render('children/dashboard', [], true)
 5 APPPATH\Controllers\Children.php(81): view('children/dashboard', [...])
 6 SYSTEMPATH\CodeIgniter.php(933): App\Controllers\Children->dashboard()
 7 SYSTEMPATH\CodeIgniter.php(509): CodeIgniter\CodeIgniter->runController(Object(App\Controllers\Children))
 8 SYSTEMPATH\CodeIgniter.php(355): CodeIgniter\CodeIgniter->handleRequest(null, Object(Config\Cache), false)
 9 SYSTEMPATH\Boot.php(325): CodeIgniter\CodeIgniter->run()
10 SYSTEMPATH\Boot.php(67): CodeIgniter\Boot::runCodeIgniter(Object(CodeIgniter\CodeIgniter))
11 FCPATH\index.php(56): CodeIgniter\Boot::bootWeb(Object(Config\Paths))
12 SYSTEMPATH\rewrite.php(44): require_once('C:\\xampp\\htdocs\\Malnutrition-system\\public\\index.php')
CRITICAL - 2024-11-22 02:52:05 --> ErrorException: Undefined variable $labels
[Method: GET, Route: children/dashboard]
in APPPATH\Views\children\dashboard.php on line 46.
 1 APPPATH\Views\children\dashboard.php(46): CodeIgniter\Debug\Exceptions->errorHandler(2, 'Undefined variable $labels', 'C:\\xampp\\htdocs\\Malnutrition-system\\app\\Views\\children\\dashboard.php', 46)
 2 SYSTEMPATH\View\View.php(234): include('C:\\xampp\\htdocs\\Malnutrition-system\\app\\Views\\children\\dashboard.php')
 3 SYSTEMPATH\View\View.php(237): CodeIgniter\View\View->CodeIgniter\View\{closure}()
 4 SYSTEMPATH\Common.php(1171): CodeIgniter\View\View->render('children/dashboard', [], true)
 5 APPPATH\Controllers\Children.php(81): view('children/dashboard', [...])
 6 SYSTEMPATH\CodeIgniter.php(933): App\Controllers\Children->dashboard()
 7 SYSTEMPATH\CodeIgniter.php(509): CodeIgniter\CodeIgniter->runController(Object(App\Controllers\Children))
 8 SYSTEMPATH\CodeIgniter.php(355): CodeIgniter\CodeIgniter->handleRequest(null, Object(Config\Cache), false)
 9 SYSTEMPATH\Boot.php(325): CodeIgniter\CodeIgniter->run()
10 SYSTEMPATH\Boot.php(67): CodeIgniter\Boot::runCodeIgniter(Object(CodeIgniter\CodeIgniter))
11 FCPATH\index.php(56): CodeIgniter\Boot::bootWeb(Object(Config\Paths))
12 SYSTEMPATH\rewrite.php(44): require_once('C:\\xampp\\htdocs\\Malnutrition-system\\public\\index.php')
CRITICAL - 2024-11-22 02:54:36 --> ErrorException: Undefined variable $labels
[Method: GET, Route: children/dashboard]
in APPPATH\Views\children\dashboard.php on line 46.
 1 APPPATH\Views\children\dashboard.php(46): CodeIgniter\Debug\Exceptions->errorHandler(2, 'Undefined variable $labels', 'C:\\xampp\\htdocs\\Malnutrition-system\\app\\Views\\children\\dashboard.php', 46)
 2 SYSTEMPATH\View\View.php(234): include('C:\\xampp\\htdocs\\Malnutrition-system\\app\\Views\\children\\dashboard.php')
 3 SYSTEMPATH\View\View.php(237): CodeIgniter\View\View->CodeIgniter\View\{closure}()
 4 SYSTEMPATH\Common.php(1171): CodeIgniter\View\View->render('children/dashboard', [], true)
 5 APPPATH\Controllers\Children.php(81): view('children/dashboard', [...])
 6 SYSTEMPATH\CodeIgniter.php(933): App\Controllers\Children->dashboard()
 7 SYSTEMPATH\CodeIgniter.php(509): CodeIgniter\CodeIgniter->runController(Object(App\Controllers\Children))
 8 SYSTEMPATH\CodeIgniter.php(355): CodeIgniter\CodeIgniter->handleRequest(null, Object(Config\Cache), false)
 9 SYSTEMPATH\Boot.php(325): CodeIgniter\CodeIgniter->run()
10 SYSTEMPATH\Boot.php(67): CodeIgniter\Boot::runCodeIgniter(Object(CodeIgniter\CodeIgniter))
11 FCPATH\index.php(56): CodeIgniter\Boot::bootWeb(Object(Config\Paths))
12 SYSTEMPATH\rewrite.php(44): require_once('C:\\xampp\\htdocs\\Malnutrition-system\\public\\index.php')
CRITICAL - 2024-11-22 02:54:41 --> ErrorException: Undefined variable $labels
[Method: GET, Route: children/dashboard]
in APPPATH\Views\children\dashboard.php on line 46.
 1 APPPATH\Views\children\dashboard.php(46): CodeIgniter\Debug\Exceptions->errorHandler(2, 'Undefined variable $labels', 'C:\\xampp\\htdocs\\Malnutrition-system\\app\\Views\\children\\dashboard.php', 46)
 2 SYSTEMPATH\View\View.php(234): include('C:\\xampp\\htdocs\\Malnutrition-system\\app\\Views\\children\\dashboard.php')
 3 SYSTEMPATH\View\View.php(237): CodeIgniter\View\View->CodeIgniter\View\{closure}()
 4 SYSTEMPATH\Common.php(1171): CodeIgniter\View\View->render('children/dashboard', [], true)
 5 APPPATH\Controllers\Children.php(81): view('children/dashboard', [...])
 6 SYSTEMPATH\CodeIgniter.php(933): App\Controllers\Children->dashboard()
 7 SYSTEMPATH\CodeIgniter.php(509): CodeIgniter\CodeIgniter->runController(Object(App\Controllers\Children))
 8 SYSTEMPATH\CodeIgniter.php(355): CodeIgniter\CodeIgniter->handleRequest(null, Object(Config\Cache), false)
 9 SYSTEMPATH\Boot.php(325): CodeIgniter\CodeIgniter->run()
10 SYSTEMPATH\Boot.php(67): CodeIgniter\Boot::runCodeIgniter(Object(CodeIgniter\CodeIgniter))
11 FCPATH\index.php(56): CodeIgniter\Boot::bootWeb(Object(Config\Paths))
12 SYSTEMPATH\rewrite.php(44): require_once('C:\\xampp\\htdocs\\Malnutrition-system\\public\\index.php')
CRITICAL - 2024-11-22 02:56:09 --> ErrorException: Undefined variable $labels
[Method: GET, Route: children/dashboard]
in APPPATH\Views\children\dashboard.php on line 46.
 1 APPPATH\Views\children\dashboard.php(46): CodeIgniter\Debug\Exceptions->errorHandler(2, 'Undefined variable $labels', 'C:\\xampp\\htdocs\\Malnutrition-system\\app\\Views\\children\\dashboard.php', 46)
 2 SYSTEMPATH\View\View.php(234): include('C:\\xampp\\htdocs\\Malnutrition-system\\app\\Views\\children\\dashboard.php')
 3 SYSTEMPATH\View\View.php(237): CodeIgniter\View\View->CodeIgniter\View\{closure}()
 4 SYSTEMPATH\Common.php(1171): CodeIgniter\View\View->render('children/dashboard', [], true)
 5 APPPATH\Controllers\Children.php(81): view('children/dashboard', [...])
 6 SYSTEMPATH\CodeIgniter.php(933): App\Controllers\Children->dashboard()
 7 SYSTEMPATH\CodeIgniter.php(509): CodeIgniter\CodeIgniter->runController(Object(App\Controllers\Children))
 8 SYSTEMPATH\CodeIgniter.php(355): CodeIgniter\CodeIgniter->handleRequest(null, Object(Config\Cache), false)
 9 SYSTEMPATH\Boot.php(325): CodeIgniter\CodeIgniter->run()
10 SYSTEMPATH\Boot.php(67): CodeIgniter\Boot::runCodeIgniter(Object(CodeIgniter\CodeIgniter))
11 FCPATH\index.php(56): CodeIgniter\Boot::bootWeb(Object(Config\Paths))
12 SYSTEMPATH\rewrite.php(44): require_once('C:\\xampp\\htdocs\\Malnutrition-system\\public\\index.php')
CRITICAL - 2024-11-22 02:58:59 --> ErrorException: Undefined variable $labels
[Method: GET, Route: children/dashboard]
in APPPATH\Views\children\dashboard.php on line 46.
 1 APPPATH\Views\children\dashboard.php(46): CodeIgniter\Debug\Exceptions->errorHandler(2, 'Undefined variable $labels', 'C:\\xampp\\htdocs\\Malnutrition-system\\app\\Views\\children\\dashboard.php', 46)
 2 SYSTEMPATH\View\View.php(234): include('C:\\xampp\\htdocs\\Malnutrition-system\\app\\Views\\children\\dashboard.php')
 3 SYSTEMPATH\View\View.php(237): CodeIgniter\View\View->CodeIgniter\View\{closure}()
 4 SYSTEMPATH\Common.php(1171): CodeIgniter\View\View->render('children/dashboard', [], true)
 5 APPPATH\Controllers\Children.php(81): view('children/dashboard', [...])
 6 SYSTEMPATH\CodeIgniter.php(933): App\Controllers\Children->dashboard()
 7 SYSTEMPATH\CodeIgniter.php(509): CodeIgniter\CodeIgniter->runController(Object(App\Controllers\Children))
 8 SYSTEMPATH\CodeIgniter.php(355): CodeIgniter\CodeIgniter->handleRequest(null, Object(Config\Cache), false)
 9 SYSTEMPATH\Boot.php(325): CodeIgniter\CodeIgniter->run()
10 SYSTEMPATH\Boot.php(67): CodeIgniter\Boot::runCodeIgniter(Object(CodeIgniter\CodeIgniter))
11 FCPATH\index.php(56): CodeIgniter\Boot::bootWeb(Object(Config\Paths))
12 SYSTEMPATH\rewrite.php(44): require_once('C:\\xampp\\htdocs\\Malnutrition-system\\public\\index.php')
ERROR - 2024-11-22 06:25:21 --> Error connecting to the database: mysqli_sql_exception: Access denied for user 'root'@'localhost' (using password: NO) in C:\xampp\htdocs\Malnutrition-system\system\Database\MySQLi\Connection.php:186
Stack trace:
#0 C:\xampp\htdocs\Malnutrition-system\system\Database\MySQLi\Connection.php(186): mysqli->real_connect('localhost', 'root', Object(SensitiveParameterValue), 'malnutrition_re...', 3306, '', 0)
#1 C:\xampp\htdocs\Malnutrition-system\system\Database\BaseConnection.php(421): CodeIgniter\Database\MySQLi\Connection->connect(false)
#2 C:\xampp\htdocs\Malnutrition-system\system\Database\BaseConnection.php(616): CodeIgniter\Database\BaseConnection->initialize()
#3 C:\xampp\htdocs\Malnutrition-system\system\Database\BaseBuilder.php(1644): CodeIgniter\Database\BaseConnection->query('SELECT *\nFROM `...', Array, false)
#4 C:\xampp\htdocs\Malnutrition-system\system\Model.php(286): CodeIgniter\Database\BaseBuilder->get()
#5 C:\xampp\htdocs\Malnutrition-system\system\BaseModel.php(676): CodeIgniter\Model->doFindAll(0, 0)
#6 C:\xampp\htdocs\Malnutrition-system\app\Controllers\Children.php(57): CodeIgniter\BaseModel->findAll()
#7 C:\xampp\htdocs\Malnutrition-system\system\CodeIgniter.php(933): App\Controllers\Children->dashboard()
#8 C:\xampp\htdocs\Malnutrition-system\system\CodeIgniter.php(509): CodeIgniter\CodeIgniter->runController(Object(App\Controllers\Children))
#9 C:\xampp\htdocs\Malnutrition-system\system\CodeIgniter.php(355): CodeIgniter\CodeIgniter->handleRequest(NULL, Object(Config\Cache), false)
#10 C:\xampp\htdocs\Malnutrition-system\system\Boot.php(325): CodeIgniter\CodeIgniter->run()
#11 C:\xampp\htdocs\Malnutrition-system\system\Boot.php(67): CodeIgniter\Boot::runCodeIgniter(Object(CodeIgniter\CodeIgniter))
#12 C:\xampp\htdocs\Malnutrition-system\public\index.php(56): CodeIgniter\Boot::bootWeb(Object(Config\Paths))
#13 C:\xampp\htdocs\Malnutrition-system\system\rewrite.php(44): require_once('C:\\xampp\\htdocs...')
#14 {main}

Next CodeIgniter\Database\Exceptions\DatabaseException: Access denied for user '****'@'localhost' (using password: NO) in C:\xampp\htdocs\Malnutrition-system\system\Database\MySQLi\Connection.php:231
Stack trace:
#0 C:\xampp\htdocs\Malnutrition-system\system\Database\BaseConnection.php(421): CodeIgniter\Database\MySQLi\Connection->connect(false)
#1 C:\xampp\htdocs\Malnutrition-system\system\Database\BaseConnection.php(616): CodeIgniter\Database\BaseConnection->initialize()
#2 C:\xampp\htdocs\Malnutrition-system\system\Database\BaseBuilder.php(1644): CodeIgniter\Database\BaseConnection->query('SELECT *\nFROM `...', Array, false)
#3 C:\xampp\htdocs\Malnutrition-system\system\Model.php(286): CodeIgniter\Database\BaseBuilder->get()
#4 C:\xampp\htdocs\Malnutrition-system\system\BaseModel.php(676): CodeIgniter\Model->doFindAll(0, 0)
#5 C:\xampp\htdocs\Malnutrition-system\app\Controllers\Children.php(57): CodeIgniter\BaseModel->findAll()
#6 C:\xampp\htdocs\Malnutrition-system\system\CodeIgniter.php(933): App\Controllers\Children->dashboard()
#7 C:\xampp\htdocs\Malnutrition-system\system\CodeIgniter.php(509): CodeIgniter\CodeIgniter->runController(Object(App\Controllers\Children))
#8 C:\xampp\htdocs\Malnutrition-system\system\CodeIgniter.php(355): CodeIgniter\CodeIgniter->handleRequest(NULL, Object(Config\Cache), false)
#9 C:\xampp\htdocs\Malnutrition-system\system\Boot.php(325): CodeIgniter\CodeIgniter->run()
#10 C:\xampp\htdocs\Malnutrition-system\system\Boot.php(67): CodeIgniter\Boot::runCodeIgniter(Object(CodeIgniter\CodeIgniter))
#11 C:\xampp\htdocs\Malnutrition-system\public\index.php(56): CodeIgniter\Boot::bootWeb(Object(Config\Paths))
#12 C:\xampp\htdocs\Malnutrition-system\system\rewrite.php(44): require_once('C:\\xampp\\htdocs...')
#13 {main}
CRITICAL - 2024-11-22 06:25:21 --> CodeIgniter\Database\Exceptions\DatabaseException: Unable to connect to the database.
Main connection [MySQLi]: Access denied for user '****'@'localhost' (using password: NO)
[Method: GET, Route: children/dashboard]
in SYSTEMPATH\Database\BaseConnection.php on line 467.
 1 SYSTEMPATH\Database\BaseConnection.php(616): CodeIgniter\Database\BaseConnection->initialize()
 2 SYSTEMPATH\Database\BaseBuilder.php(1644): CodeIgniter\Database\BaseConnection->query('SELECT *
FROM `children`', [], false)
 3 SYSTEMPATH\Model.php(286): CodeIgniter\Database\BaseBuilder->get()
 4 SYSTEMPATH\BaseModel.php(676): CodeIgniter\Model->doFindAll(0, 0)
 5 APPPATH\Controllers\Children.php(57): CodeIgniter\BaseModel->findAll()
 6 SYSTEMPATH\CodeIgniter.php(933): App\Controllers\Children->dashboard()
 7 SYSTEMPATH\CodeIgniter.php(509): CodeIgniter\CodeIgniter->runController(Object(App\Controllers\Children))
 8 SYSTEMPATH\CodeIgniter.php(355): CodeIgniter\CodeIgniter->handleRequest(null, Object(Config\Cache), false)
 9 SYSTEMPATH\Boot.php(325): CodeIgniter\CodeIgniter->run()
10 SYSTEMPATH\Boot.php(67): CodeIgniter\Boot::runCodeIgniter(Object(CodeIgniter\CodeIgniter))
11 FCPATH\index.php(56): CodeIgniter\Boot::bootWeb(Object(Config\Paths))
12 SYSTEMPATH\rewrite.php(44): require_once('C:\\xampp\\htdocs\\Malnutrition-system\\public\\index.php')
ERROR - 2024-11-22 06:25:25 --> Error connecting to the database: mysqli_sql_exception: Access denied for user 'root'@'localhost' (using password: NO) in C:\xampp\htdocs\Malnutrition-system\system\Database\MySQLi\Connection.php:186
Stack trace:
#0 C:\xampp\htdocs\Malnutrition-system\system\Database\MySQLi\Connection.php(186): mysqli->real_connect('localhost', 'root', Object(SensitiveParameterValue), 'malnutrition_re...', 3306, '', 0)
#1 C:\xampp\htdocs\Malnutrition-system\system\Database\BaseConnection.php(421): CodeIgniter\Database\MySQLi\Connection->connect(false)
#2 C:\xampp\htdocs\Malnutrition-system\system\Database\BaseConnection.php(616): CodeIgniter\Database\BaseConnection->initialize()
#3 C:\xampp\htdocs\Malnutrition-system\system\Database\BaseBuilder.php(1644): CodeIgniter\Database\BaseConnection->query('SELECT *\nFROM `...', Array, false)
#4 C:\xampp\htdocs\Malnutrition-system\system\Model.php(286): CodeIgniter\Database\BaseBuilder->get()
#5 C:\xampp\htdocs\Malnutrition-system\system\BaseModel.php(676): CodeIgniter\Model->doFindAll(0, 0)
#6 C:\xampp\htdocs\Malnutrition-system\app\Controllers\Children.php(15): CodeIgniter\BaseModel->findAll()
#7 C:\xampp\htdocs\Malnutrition-system\system\CodeIgniter.php(933): App\Controllers\Children->index()
#8 C:\xampp\htdocs\Malnutrition-system\system\CodeIgniter.php(509): CodeIgniter\CodeIgniter->runController(Object(App\Controllers\Children))
#9 C:\xampp\htdocs\Malnutrition-system\system\CodeIgniter.php(355): CodeIgniter\CodeIgniter->handleRequest(NULL, Object(Config\Cache), false)
#10 C:\xampp\htdocs\Malnutrition-system\system\Boot.php(325): CodeIgniter\CodeIgniter->run()
#11 C:\xampp\htdocs\Malnutrition-system\system\Boot.php(67): CodeIgniter\Boot::runCodeIgniter(Object(CodeIgniter\CodeIgniter))
#12 C:\xampp\htdocs\Malnutrition-system\public\index.php(56): CodeIgniter\Boot::bootWeb(Object(Config\Paths))
#13 C:\xampp\htdocs\Malnutrition-system\system\rewrite.php(44): require_once('C:\\xampp\\htdocs...')
#14 {main}

Next CodeIgniter\Database\Exceptions\DatabaseException: Access denied for user '****'@'localhost' (using password: NO) in C:\xampp\htdocs\Malnutrition-system\system\Database\MySQLi\Connection.php:231
Stack trace:
#0 C:\xampp\htdocs\Malnutrition-system\system\Database\BaseConnection.php(421): CodeIgniter\Database\MySQLi\Connection->connect(false)
#1 C:\xampp\htdocs\Malnutrition-system\system\Database\BaseConnection.php(616): CodeIgniter\Database\BaseConnection->initialize()
#2 C:\xampp\htdocs\Malnutrition-system\system\Database\BaseBuilder.php(1644): CodeIgniter\Database\BaseConnection->query('SELECT *\nFROM `...', Array, false)
#3 C:\xampp\htdocs\Malnutrition-system\system\Model.php(286): CodeIgniter\Database\BaseBuilder->get()
#4 C:\xampp\htdocs\Malnutrition-system\system\BaseModel.php(676): CodeIgniter\Model->doFindAll(0, 0)
#5 C:\xampp\htdocs\Malnutrition-system\app\Controllers\Children.php(15): CodeIgniter\BaseModel->findAll()
#6 C:\xampp\htdocs\Malnutrition-system\system\CodeIgniter.php(933): App\Controllers\Children->index()
#7 C:\xampp\htdocs\Malnutrition-system\system\CodeIgniter.php(509): CodeIgniter\CodeIgniter->runController(Object(App\Controllers\Children))
#8 C:\xampp\htdocs\Malnutrition-system\system\CodeIgniter.php(355): CodeIgniter\CodeIgniter->handleRequest(NULL, Object(Config\Cache), false)
#9 C:\xampp\htdocs\Malnutrition-system\system\Boot.php(325): CodeIgniter\CodeIgniter->run()
#10 C:\xampp\htdocs\Malnutrition-system\system\Boot.php(67): CodeIgniter\Boot::runCodeIgniter(Object(CodeIgniter\CodeIgniter))
#11 C:\xampp\htdocs\Malnutrition-system\public\index.php(56): CodeIgniter\Boot::bootWeb(Object(Config\Paths))
#12 C:\xampp\htdocs\Malnutrition-system\system\rewrite.php(44): require_once('C:\\xampp\\htdocs...')
#13 {main}
CRITICAL - 2024-11-22 06:25:25 --> CodeIgniter\Database\Exceptions\DatabaseException: Unable to connect to the database.
Main connection [MySQLi]: Access denied for user '****'@'localhost' (using password: NO)
[Method: GET, Route: children]
in SYSTEMPATH\Database\BaseConnection.php on line 467.
 1 SYSTEMPATH\Database\BaseConnection.php(616): CodeIgniter\Database\BaseConnection->initialize()
 2 SYSTEMPATH\Database\BaseBuilder.php(1644): CodeIgniter\Database\BaseConnection->query('SELECT *
FROM `children`
ORDER BY `id` DESC', [], false)
 3 SYSTEMPATH\Model.php(286): CodeIgniter\Database\BaseBuilder->get()
 4 SYSTEMPATH\BaseModel.php(676): CodeIgniter\Model->doFindAll(0, 0)
 5 APPPATH\Controllers\Children.php(15): CodeIgniter\BaseModel->findAll()
 6 SYSTEMPATH\CodeIgniter.php(933): App\Controllers\Children->index()
 7 SYSTEMPATH\CodeIgniter.php(509): CodeIgniter\CodeIgniter->runController(Object(App\Controllers\Children))
 8 SYSTEMPATH\CodeIgniter.php(355): CodeIgniter\CodeIgniter->handleRequest(null, Object(Config\Cache), false)
 9 SYSTEMPATH\Boot.php(325): CodeIgniter\CodeIgniter->run()
10 SYSTEMPATH\Boot.php(67): CodeIgniter\Boot::runCodeIgniter(Object(CodeIgniter\CodeIgniter))
11 FCPATH\index.php(56): CodeIgniter\Boot::bootWeb(Object(Config\Paths))
12 SYSTEMPATH\rewrite.php(44): require_once('C:\\xampp\\htdocs\\Malnutrition-system\\public\\index.php')
ERROR - 2024-11-22 06:26:38 --> Dashboard error: Undefined variable $labels
ERROR - 2024-11-22 06:26:39 --> Dashboard error: Undefined variable $labels
ERROR - 2024-11-22 06:26:40 --> Dashboard error: Undefined variable $labels
ERROR - 2024-11-22 06:26:41 --> Dashboard error: Undefined variable $labels
ERROR - 2024-11-22 06:26:53 --> Dashboard error: Undefined variable $labels
ERROR - 2024-11-22 06:26:57 --> Dashboard error: Undefined variable $labels
ERROR - 2024-11-22 06:26:59 --> Dashboard error: Undefined variable $labels
ERROR - 2024-11-22 06:27:25 --> Dashboard error: Undefined variable $labels
ERROR - 2024-11-22 06:27:31 --> Dashboard error: Undefined variable $labels
ERROR - 2024-11-22 06:28:19 --> Dashboard error: Undefined variable $labels
